6789
6613
2823
1202
6130
8189
8844
4165
3841
7150
2463
3467
833
1335
3654
4835
9502
3841
7504
7904
7129
3654
833
6130
7298
3841
6470
6130
9368
1202
436
9524
6789
7129
3654
1202
7216
2874
1202
8844
1202
2874
9368
7165
6130
1335
3076
5051
5703
3654
1202
1202
6704
9502
4286
584
8214
5091
7165
9502
7298
9502
2266
3841
8844
715
9524
9502
1202
3755
2874
4165
1202
1202
715
1202
1202
1202
4881
8844
9524
6983
8844
1202
1202
6130
7298
2518
5724
7298
1202
9368
9502
9502
9502
3841
5703
1202
8844
1202
5447
2874
980
5703
1202
9502
1202
1202
9368
6789
2874
6470
715
1202
9502
281
6690
3841
9368
3916
2518
3654
4286
8844
1202
8742
9502
1788
1489
9502
7117
3841
4022
4835
3841
9391
8742
7917
2874
1246
3841
8070
1202
2874
8189
3654
9502
7917
7165
7298
9692
5051
2874
6130
3654
2874
7298
8939
8844
2874
1202
6789
3755
7216
1202
8939
3744
4165
9502
3916
281
3755
3841
4165
5051
6613
8189
5724
9391
9368
8033
8368
1202
1489
715
5270
833
2874
4165
8892
6704
3841
8368
2874
3841
9502
4165
2823
104
436
8939
1113
2874
6470
3841
7298
1202
6983
2874
1202
3841
1202
9502
7117
3841
1202
6704
8189
8070
6130
1202
8844
7165
3916
8070
104
7165
5051
436
3841
4528
7150
6983
4182
715
1202
9502
9524
2874
2874
7298
2266
1202
6130
8844
9502
9502
7298
5698
1202
9502
3841
8189
8939
1202
6983
6274
2823
3841
3654
5703
7298
8939
9502
9502
3841
833
9502
2266
2775
9502
8742
9368
3900
6129
5724
6112
3841
2874
8742
8189
1202
8742
1202
2874
4829
6129
2874
1202
104
6470
5703
3841
3916
2874
1202
3841
2266
1335
7117
3841
9692
9368
8939
3841
8406
6789
1788
1202
1202
8742
1202
8939
2518
2874
1335
1489
8368
2266
3841
6789
1202
8612
2874
4881
3841
6130
104
7917
2518
7298
3841
9368
4598
3654
9502
6470
9368
1202
3841
9368
5091
1202
1202
5703
5383
8189
8070
3841
8742
6704
4165
4204
3841
1202
8612
7917
1489
3841
9502
6704
1202
9502
3841
1202
9502
4165
3841
6531
436
9368
9368
6129
1246
483
605
2874
9502
2266
3654
3841
9692
2874
3841
8368
8742
9368
6613
3160
8070
9502
7298
6789
8844
1202
6789
3160
3841
2823
5703
3841
6130
6130
8742
7298
1202
8844
6470
1113
8844
8844
7117
3916
6704
8189
1113
2779
7298
8368
1202
4165
6274
1202
6130
1202
5091
2266
1202
4528
1202
7150
3841
2874
8742
1489
8742
1202
8742
2518
2874
3841
3160
2874
5703
7298
1202
9502
2874
1507
5703
3841
6130
8070
5703
6983
2775
2874
8189
1202
9502
1202
9502
1202
8189
8742
7150
5051
2266
1202
8844
5724
4165
6130
8892
3841
1202
2874
6983
6129
9502
2874
1202
8368
6130
9502
1202
6470
6130
9502
1489
2874
8844
8939
3841
1202
3841
1202
742
5051
7298
8844
2874
9368
6130
1202
9040
6704
9368
6789
6130
7129
3841
715
2874
3237
1202
8070
3221
3841
6130
6470
3160
8844
4881
8844
3755
5703
7298
1335
6613
3841
5724
3841
1202
1202
2874
2734
3841
3900
5861
1202
3492
2874
1202
1113
2874
8189
8070
3841
2874
8742
1202
8742
2823
9502
9808
1202
9368
7298
6704
8939
4835
104
5703
6470
9909
6130
2874
5724
9502
104
3841
9502
3654
6130
6130
833
1202
1202
8742
1202
6112
3755
1202
1487
1202
5033
9368
2751
8844
8844
6130
2874
3654
5703
3841
2266
7855
6470
3841
