49320
16448
49982
17255
17255
17255
411
411
49941
682
17255
49941
8159
49941
17255
411
16013
9274
411
49941
49982
49982
682
12722
411
49982
17255
17255
17255
411
411
411
17255
17255
16448
17255
17255
17255
345
345
411
17255
411
411
49320
411
35509
33006
12722
49392
49320
17255
17255
411
411
411
32921
17255
17255
17255
17255
30673
17255
411
411
16448
17255
49320
49320
345
17255
682
49941
345
24484
17255
17255
682
49320
411
17255
17255
49320
17255
49320
411
17255
49320
16448
22891
17255
7835
17255
17255
17255
682
682
17255
411
411
411
49320
17255
49320
16448
16026
17255
17255
16448
49320
682
17255
17255
49982
36194
16448
411
17255
411
17255
17255
411
682
23665
17255
17255
16448
17255
411
17255
17255
17255
17255
411
49982
49982
682
49320
7835
17255
49320
49982
49320
16744
411
17255
5045
682
411
682
411
411
17255
17255
49982
1395
11319
40259
17255
411
17255
17255
36194
411
49941
17255
17255
17255
345
16448
49941
49320
49320
411
49982
411
17255
17255
682
17255
17255
17255
17255
17255
17010
49320
49941
17255
21981
49320
411
411
49320
17255
49982
17255
17255
17255
411
49320
49320
345
16448
49320
345
36194
17255
49392
17255
49982
411
682
17255
17255
17255
411
17255
411
411
411
16448
16448
17255
16448
411
17255
49320
17255
17255
17255
5833
17255
17255
42616
411
37547
411
49982
411
7799
411
17255
411
17255
411
17255
16448
49982
17255
49320
17255
17255
682
17255
17255
411
16448
36347
17255
411
16448
17255
411
411
17255
49320
17255
411
36347
682
411
17255
411
36194
17255
17255
49320
17255
411
49320
411
45595
16448
411
17255
411
17255
411
49982
49982
49320
16448
17255
49941
16448
16448
17255
17255
411
411
17255
49982
17255
17255
411
49320
17255
411
49320
49320
49320
17255
1395
17255
49320
16448
682
16448
21981
17255
17255
12183
411
682
17255
411
49941
49320
411
16448
49982
49320
411
411
411
411
411
16448
48532
49941
411
411
411
11319
411
17255
36347
49320
49982
411
682
17255
16448
17255
35509
35714
17255
411
682
1395
411
49982
17255
16448
16744
11319
3944
17255
49982
16448
17255
411
17255
411
411
17255
17255
49941
682
17255
49941
17255
411
7140
17255
17255
49982
17255
17255
17255
411
411
682
17255
17255
411
411
17255
49320
35509
