9371
9511
8948
8990
8382
6255
4982
174
7914
7242
7064
7109
6564
156
6931
9524
3381
4685
5815
4485
182
9432
4246
8214
7716
3130
467
5863
2880
7588
2684
4056
8860
4610
1048
4303
9529
9106
8820
2124
7848
9026
1941
5676
9511
3877
3146
3593
7063
8283
5918
1065
3151
9262
3571
3965
8252
7839
156
9234
6795
322
4841
4125
5906
9928
9805
8312
3121
3272
4767
2733
6490
960
3486
875
5601
4755
8573
7798
6362
8162
5895
1961
6361
6571
3539
5819
2325
9800
5446
2707
1641
4423
3193
2022
1023
9413
8145
3840
5889
3578
1156
9398
7987
3442
8185
5107
9818
221
4202
934
7710
2357
3763
959
4618
5057
4831
376
9597
6981
326
8555
1148
6632
1911
6179
1999
1959
7273
7256
198
1364
5176
7155
117
4095
4019
9518
7530
33
167
6272
8253
898
7607
5479
5380
2347
5466
102
8196
5693
7426
9761
9083
4218
5271
372
6147
9340
5684
3948
5042
4389
798
1141
3133
4765
9955
5615
7054
1915
8252
4375
3395
75
8840
1023
9953
198
5795
2678
1919
542
4696
3840
2172
6205
5228
3539
5432
1274
9173
1255
5751
2401
1983
5301
9472
5660
4287
3658
8371
240
7786
2299
9964
4091
3780
2283
1185
7798
7839
5575
9183
4615
419
8838
5913
9413
7523
2525
3716
4300
8383
3686
117
8428
9758
4966
5254
3624
5054
4645
1759
6322
595
3081
9800
140
5889
5352
3441
2581
51
7674
2706
6902
3977
8662
3593
7886
5918
2798
5166
768
3331
4598
4476
6583
1583
3506
9723
117
4063
2707
4746
4051
4388
62
1647
1556
2783
4615
7345
6470
3960
6167
13
3598
4486
2687
4272
9398
791
161
2749
3991
6362
3991
6611
4116
8445
2016
1470
5763
2844
4239
6603
3952
7274
5602
7390
177
2712
888
132
595
9517
5404
5038
6176
59
854
669
7912
3539
2520
9013
2691
7523
5457
1999
4294
5467
7196
1552
7981
7136
5815
5054
3739
1109
9876
2604
7807
8527
7481
451
8437
4029
4038
9407
2844
7976
9711
1793
542
2377
4114
8640
1030
7115
1614
1183
1004
6241
8650
1102
9081
2844
4982
5126
6883
5668
7716
7196
758
9757
3297
3615
3593
3003
3315
1742
5234
8284
316
5719
9407
9665
881
6062
2707
9242
4457
5985
2283
6265
7849
3840
5011
5233
9535
2300
3209
4878
1919
582
6074
1088
1612
8426
3951
3072
5998
3181
4757
2192
8340
2929
102
4931
3169
5463
3965
7904
6265
2173
8892
2507
2172
3333
9004
541
1843
8073
1142
8296
6307
3519
3075
8601
8313
6824
5394
6515
7729
5870
7834
4477
2295
2982
9158
8304
4347
6139
8552
2625
6931
7798
9721
3763
6620
6759
1023
831
1148
8383
960
2105
8488
8475
6620
3539
354
8460
669
4388
1115
4615
5053
8761
5887
1174
5089
6743
4798
5602
3902
354
7215
4116
2072
3153
7892
4699
6463
7044
4397
7332
6553
3644
9439
4365
5539
3902
7848
5895
3539
3620
4388
4214
9652
4212
7215
697
268
5712
9967
1303
6870
5383
4563
6177
2083
6462
6147
6087
4615
7884
1117
8288
7079
2296
6062
8465
7860
5132
4333
4116
3658
1916
5559
6979
2913
260
4389
1083
8135
8217
4238
6680
6057
9511
1999
3079
3537
4011
8426
6611
45
7773
8157
5089
1919
8175
4651
5108
7262
5575
3492
1162
6526
4607
3054
5272
1141
6937
4476
2708
2594
2333
8619
3960
3244
852
6553
8420
4116
8863
8608
4477
5392
8810
5479
5918
5851
8327
9447
3239
8058
6012
5554
9370
6098
2465
1335
9186
1804
1281
7500
3855
6362
9832
5188
6708
3524
392
1272
1961
1927
936
7503
5346
7389
985
4218
3539
8631
75
6567
4116
3800
2449
6715
4720
3563
5260
5053
8608
8145
9880
9571
7047
4238
1786
6797
1577
8128
5979
5719
3658
3798
5272
6102
8615
3994
1275
5808
5516
3867
9869
2956
51
8350
1901
117
3426
1671
8069
5271
1919
7456
8312
4615
8460
7886
6877
8523
794
5301
6721
8463
7798
8512
5752
5739
722
1153
3222
8013
8846
7397
5269
6822
1141
161
5053
6222
4486
5433
7891
9620
8261
9711
5813
4297
1060
1901
7221
4535
8248
4621
8350
888
3880
7151
6782
317
9404
4982
2828
3840
9209
3193
9503
9372
9033
274
3539
8681
1288
2299
9866
9586
6099
44
9252
1167
8184
8563
3259
720
9774
4267
5390
6328
9080
9586
4287
19
1583
4116
6236
3580
6294
7064
7555
1141
3349
6803
3364
6943
3032
4621
5120
7414
6811
6479
4238
100
9806
1694
6715
6479
6320
1213
1847
7905
9398
3171
8784
2010
175
4815
7139
678
2507
7389
7105
9750
1334
7043
8802
8931
6514
7634
1919
5346
3534
3003
7314
6069
5301
4291
1660
8379
465
4125
4486
1148
8074
5321
4720
3460
3840
7568
2489
7064
265
6877
1023
3077
3991
2159
1950
9128
5388
2120
1583
4757
6649
3081
4743
5247
9584
2011
4685
2542
268
4771
2604
640
7935
5976
1575
50
100
9921
3189
2678
7104
1323
2974
9839
7618
2855
6702
6192
7015
8825
2264
6098
2625
9963
3598
2625
3760
328
6197
3251
8061
4788
1333
3974
3215
5630
2074
7884
1141
9761
4403
4970
8744
7557
5495
8719
540
3894
2100
4208
3228
4175
156
100
6232
1504
7072
9216
2354
3991
6641
5552
6238
9790
3696
7798
8312
8542
7912
4440
4486
7886
5126
5387
8513
7875
5272
1008
4753
2074
1165
5260
303
7384
3640
6439
279
7839
5575
5951
4501
2498
7071
4910
3758
9049
6167
4982
1042
1961
4116
2083
672
348
5889
619
6265
4255
2083
6321
4600
8438
9878
5089
1932
5895
4959
44
4125
4524
5271
936
306
8055
1441
1961
4659
8883
7260
2080
847
4871
672
2418
9323
819
7261
5146
4563
1288
446
8058
550
4552
1805
1410
8702
6265
7710
6893
100
4239
3077
3800
6931
2298
5841
7182
75
2458
8176
226
3713
2932
3039
7012
325
3151
5842
7079
7649
9488
6632
3462
5301
3990
1517
7043
6721
153
5843
4386
6506
9715
6075
8563
2000
4973
338
4452
4550
3486
4970
299
5362
5728
8071
8421
9400
243
2374
4825
6998
7884
2010
8936
4221
3537
9663
4501
8690
4116
249
7753
8283
2283
749
3747
3029
2933
9952
3800
3730
157
5388
6342
2080
7821
3558
7215
1801
5040
2131
5709
4488
2998
3486
7659
115
6785
6369
1103
4246
8685
3027
2990
7150
1410
3965
1762
3151
1413
4038
2172
9555
9741
6763
4684
5575
4871
4218
2952
4397
9290
3580
3658
1219
5625
6547
813
4755
7425
9185
1377
1473
268
307
9793
9586
1232
2352
1688
4555
1801
4110
2345
9852
3311
5126
7469
2625
9605
6311
2377
3806
1446
145
8324
1289
3571
4607
936
4615
4224
1164
2239
1770
3272
3363
3198
1141
1722
8253
4607
8087
4110
8544
1705
2449
6577
6048
936
1153
8815
3581
7281
1556
7456
9655
1961
2780
936
2016
7794
3921
3282
7300
5346
5492
8383
4473
5121
6302
4552
1372
6726
4403
6931
6726
8210
5390
772
4118
3003
4418
3839
9880
5554
1302
3539
3811
198
5662
3713
3570
5895
8415
9703
8556
339
5795
6009
2024
5271
1474
4811
6303
6241
6048
2048
9080
3705
1916
8304
5750
5387
4815
4238
9657
6182
9652
9169
7340
7079
8810
9247
8317
3980
4023
1468
5132
6321
9783
4999
593
7427
5918
3093
1919
6257
3538
7829
4423
222
7433
6323
3519
6596
8723
8615
3081
1722
669
454
8184
1303
6902
2074
5660
3727
8013
5524
5709
389
6663
6721
7253
4685
6660
8570
6276
2299
7674
7596
4492
2565
1224
2844
3582
5260
1473
8615
8145
4125
1623
4073
3965
3826
5702
6721
7579
9340
7613
8079
9110
171
7469
4929
376
7261
115
9870
5620
198
9593
835
8488
3556
4854
3314
4854
4238
1847
4664
2284
9915
1919
8142
6147
7080
754
5653
5765
8856
9517
1551
1993
3840
9216
132
9968
8249
9006
1213
1580
4379
936
9955
8382
4375
5798
1170
1740
5388
3952
2604
2706
7072
5615
1303
5312
5000
6113
7735
2681
3329
4515
6259
339
7893
1390
936
229
1134
936
4949
8315
2604
8266
2494
4827
3277
2698
3991
3639
4635
4116
6048
2360
7833
9950
1060
1261
9850
419
7050
691
6062
1368
6632
2428
4628
3637
3442
9514
936
2604
7632
4662
1364
2798
9965
1342
4681
4414
5536
4116
8061
5314
5161
888
1830
8602
3978
222
2345
1066
5235
3539
16
923
1473
7090
8618
7948
2158
7190
3238
3991
6046
7948
6276
6148
2650
9207
5166
1660
6167
4853
9750
4004
3991
1689
1344
117
4148
243
4116
2673
4237
3894
4308
2571
3251
3639
2706
1064
6785
249
2264
7588
4579
3312
7064
1046
2712
6779
2516
2588
8513
9080
631
1827
9370
360
7112
5774
8055
2706
9968
4218
5260
6322
4771
4747
7564
5465
1583
5219
6139
2036
3580
6238
8901
7714
8303
1179
1594
7269
8994
1961
5273
3065
615
8083
1153
4469
6567
9114
6553
8200
5166
2235
936
1614
3539
5135
1961
6936
4193
4073
243
1459
5789
2971
1915
9071
5747
7913
5703
5229
7015
9615
6977
6098
5206
5301
8570
3428
3624
1774
7064
2582
4183
3003
5499
2440
3077
2708
5624
5843
1119
6922
7092
6951
2902
6785
9372
3363
4252
9404
6824
3972
8563
9905
4285
8936
3381
4567
2428
4871
6824
3433
7151
2059
6931
7951
5976
8355
6249
9106
468
348
9340
77
4711
2565
1793
3965
4388
1267
8190
4116
3994
5089
2264
1742
2283
7904
1165
1284
5095
7809
3676
9878
2902
342
4287
9340
4905
177
6721
860
8022
9696
6265
1919
8195
3207
5272
7298
2604
4999
7892
4451
4068
5758
3658
9052
9531
772
9340
7277
3563
3571
906
8892
710
1542
9750
205
4081
6238
3193
318
5094
2363
2933
5127
3019
7230
8427
3016
9340
9880
6166
5732
5683
5889
8382
3768
59
835
7893
752
836
1457
4615
3861
3336
1616
6255
5053
4333
9739
7809
813
2283
9114
8541
6271
536
1474
3968
8463
1521
8938
9714
2699
471
2158
6535
2112
593
777
9925
1356
8327
9267
4625
4615
2372
4091
5951
72
7973
6139
4275
6004
4550
6824
3272
5084
1803
4110
5305
5430
6037
9371
8840
5125
9407
4068
5533
1961
9479
8087
6322
6535
2272
6147
624
7913
9800
3840
1742
1735
5213
2970
6656
9925
1274
3658
372
5685
3624
4110
9652
2957
8951
7288
6746
7998
5070
9080
9087
9024
4379
4955
1617
8427
5127
7072
9191
5815
8901
6674
7667
1041
5998
4116
2218
3171
5660
1142
3017
5301
7288
7935
3659
2958
6479
4237
838
5775
6042
8023
1153
4861
2805
2418
7255
5297
7612
1153
7397
9502
6553
9013
734
554
4550
4335
4243
2352
8928
5627
3658
3198
2625
6699
5514
2957
304
6057
6855
2133
7798
6672
5737
9080
8018
8121
9952
4693
1411
5905
5569
1018
1466
3947
3974
75
917
8488
3508
8585
6322
651
3741
4110
4188
7884
1459
8507
3389
1240
2535
3450
4615
3389
1410
452
8450
4300
8987
7418
7958
2414
1416
1117
243
1638
6396
3479
2152
8248
1193
2716
5126
4116
7539
5676
1435
3215
4982
348
5312
442
3485
6867
6721
3881
7935
1023
4854
7399
3593
7637
3943
7467
3003
1941
3768
1288
4477
5392
8802
9847
8996
3455
6121
3485
3803
9245
3395
1099
6748
1790
3277
9404
4494
444
9013
1651
6236
5126
1288
8290
1183
9960
4375
9340
6933
5815
1583
5708
7389
6167
2056
9880
8072
3598
6552
4116
7041
9417
3333
5479
1281
420
3563
9278
4655
1047
278
5895
3582
5010
4645
9875
2357
3282
1556
4686
3264
9
1436
9850
205
9593
5272
5951
77
4663
9088
1242
442
4760
5349
9867
3358
5355
3696
7137
7626
6556
6515
75
326
5889
2494
3758
8544
5877
5479
9834
8739
1525
7129
9344
3539
1068
4395
3459
5387
648
1389
4116
5409
7976
4389
7539
1958
7523
8911
1016
9026
2906
4982
6365
2283
9994
6945
7512
540
9217
2657
5423
9518
1334
7639
3400
7641
8227
3486
8907
8061
3537
8054
6715
1148
2253
1231
6084
9867
984
1092
9404
3658
1142
4255
2105
7253
46
7779
2571
7302
4485
9175
9564
6620
3364
1288
2296
6304
5634
3569
8811
8427
6988
7389
9436
3110
261
2130
3261
6265
1653
2352
9682
3345
2960
2991
2549
156
4285
198
5150
6167
9216
888
7746
2283
7997
4861
8175
6455
4768
610
7125
9965
8957
6401
7612
1310
5132
8810
4068
860
5639
9623
1438
9063
2684
794
2080
7951
8235
5346
2902
156
7642
156
6583
5716
4942
1459
5841
2190
8929
1939
7139
2042
2036
7942
8475
9340
9372
4116
8937
1248
9087
1956
2384
4056
4785
1961
4591
1271
5892
6826
8479
9186
177
1961
6098
9080
5237
4897
4805
8253
4999
6489
2440
7008
5709
1413
2434
9029
9697
648
164
4734
3840
4056
3840
5221
5260
8996
3864
2572
9584
7984
8440
4237
8898
7849
7064
4685
6342
3900
7650
9338
6222
3537
6434
8312
8235
3035
8810
6893
798
442
3713
2706
6168
226
7567
6433
7120
4717
956
8746
3818
5166
656
3992
8200
7262
3107
5859
6957
1081
3092
5284
936
6422
4663
4942
317
1403
3556
1239
9804
5575
1770
8602
5346
6720
7490
2717
7221
3254
7125
9071
9652
6310
7150
722
9790
1037
9912
1439
6037
7151
9826
9340
3474
9150
8376
7664
2864
6392
303
3110
371
9340
317
434
7905
3216
2572
8063
1848
8098
4124
5843
8772
59
8331
4518
2755
4693
7182
7242
936
1584
6193
9827
3279
5346
9955
4097
36
3571
7633
6824
9186
5630
2911
7355
5346
3760
1149
3763
8357
4966
2606
1304
777
9503
2963
9623
5774
5702
6248
4116
3327
8495
2300
9080
2418
3110
1094
6839
6279
7709
8928
4003
5127
6265
4294
615
9502
6981
581
3227
1790
9757
1192
7158
5716
1224
6719
9818
1185
593
2278
5346
2354
2346
5889
4613
8987
2844
7427
5053
6987
7634
9916
1790
813
4720
2708
8288
8052
5493
2357
6759
4063
5301
1902
9586
9994
5053
4116
7639
2490
4261
683
1492
5471
4615
6770
6822
6396
6490
5945
4555
8312
8737
5992
6392
8426
5608
4427
6824
3214
8744
1728
3101
2114
1030
5390
160
1232
4477
1281
1634
4283
2300
2942
2430
1915
8901
1473
2159
7889
6485
7973
4261
403
6908
9079
5883
5542
9994
3840
3608
1004
7608
6033
392
7785
4108
8931
2530
2913
6481
8432
4809
7710
1902
7263
8323
1950
3571
2834
772
5674
7255
5062
1919
6954
6696
7506
1394
50
385
5841
2731
4255
2999
4700
6684
9916
8710
936
4515
7880
2345
5918
6939
3991
9344
156
5260
6729
8783
5126
3960
5858
3272
3867
1287
2825
384
801
4428
7281
4123
9416
8601
2074
7557
5685
5132
4837
2019
71
6070
7009
7043
9417
8357
5308
714
4486
5318
7494
4564
4457
2165
8073
385
4765
4685
9615
637
146
1759
4478
8563
5634
4720
2374
7124
5889
8488
3272
1068
7098
8518
3658
9913
9338
3760
9755
3274
169
3216
205
6321
8313
3075
9957
3677
9340
5482
75
4987
1790
4545
5260
8542
1919
1961
4116
8784
3658
2426
9963
3539
6571
6232
4308
1742
9106
5629
9333
5465
1008
4755
5832
246
868
1822
468
7425
4214
9431
3685
4009
4009
6791
936
8427
1790
7515
6870
4928
6677
2921
7896
4618
7667
8615
1009
2609
734
1916
8339
3639
8322
7762
4163
2100
6870
7098
5204
6455
7750
198
5163
6761
5237
4239
4030
4041
3232
8748
9083
5627
2581
5516
8303
1609
8725
6721
817
7390
9013
9026
7504
4693
8130
906
5634
5625
4056
2619
2258
1377
3884
8507
8286
66
3075
757
8892
4980
2298
8210
9055
3439
4151
2624
8648
2598
5685
9405
6927
3249
8493
8779
1589
9191
7244
4287
2851
7256
5835
1681
4469
1067
4308
1281
3019
9870
3146
828
8601
4252
4019
936
75
1843
4011
7668
9623
593
615
205
2059
9867
5346
9584
4648
1919
6294
6334
5858
1929
3011
906
1893
2991
1141
2372
6062
2163
9398
378
9968
9653
66
3960
4541
6057
9216
6167
5929
4628
6321
3029
1336
6822
1916
3227
6075
3262
7555
5329
1961
4615
8811
7671
2233
9584
2871
3396
8200
2411
6996
4966
5346
584
2056
1941
4815
8810
7555
2507
7387
3872
2
391
1167
3490
5284
7963
1051
5346
7557
5458
2625
5314
2353
4291
456
1267
5260
2434
3065
9805
6104
5387
8527
3537
2283
6139
6902
8195
8145
5126
8626
7963
7032
3183
1588
3832
7853
2954
1148
8631
7849
1961
7253
226
9995
2083
4755
6232
2283
1753
5354
9860
9955
8771
7037
2758
3173
5563
9957
1142
9880
140
9913
5602
7523
6255
2173
5685
3840
8210
2920
3991
4310
836
8432
4743
465
7134
8507
9655
1961
1910
817
4457
6998
3991
7064
3281
1183
936
8327
4664
3007
3165
6198
7833
1185
4993
4720
8371
75
9910
3486
6868
7907
2712
2428
9083
4246
4885
5388
1790
6370
5271
9390
5768
6626
6641
8132
2256
5236
2489
3840
2856
5746
9110
4726
2221
7031
2476
7120
7557
9407
1035
7724
1303
4058
3110
7618
251
5825
6809
7232
2851
1303
8395
1721
8023
2152
9165
4583
6139
4885
2119
1776
9371
8072
9790
3114
9794
4159
3713
2600
2682
156
3169
1762
7829
156
354
4300
6477
9340
4308
385
2873
337
2195
3840
3553
906
8235
2440
2620
4116
6255
7267
3065
9290
1281
3442
3536
3658
871
4833
1802
6989
5843
2354
9074
1638
6721
7153
3571
6468
8128
2786
4118
3840
2146
9533
5132
2283
1047
4846
4823
1172
6873
5301
8749
9847
4798
5488
4261
4246
2414
177
3760
2380
5496
3563
5986
2156
7053
2218
5957
2740
936
6274
8313
9305
8175
8933
1119
6075
4308
7309
6770
8145
4615
4615
4378
6167
2100
8994
320
3324
3092
9645
2856
3333
1441
2499
4964
7427
6455
5624
1337
4388
6505
4073
5480
6174
4639
7886
1076
6776
354
5138
3598
6809
1156
9124
5126
2548
6885
3411
8352
6699
2283
2467
177
812
897
4156
205
6699
5108
8313
9347
7822
5998
8563
984
5685
2296
8624
8917
8901
4019
3165
1915
5126
6675
4132
8513
5509
1620
4224
3297
1545
3243
8038
4755
3216
9596
2574
4104
3238
4545
4335
7391
7873
1251
1252
2871
4029
1141
9827
9550
4365
5747
640
1742
936
1369
6824
1201
719
6721
4125
5554
5983
5458
8901
7389
4841
3095
2948
3580
3173
7219
6607
772
3872
1915
6620
6603
2083
6243
5815
3106
7523
1919
451
99
4237
4511
274
2604
3840
2740
9340
6306
8145
1611
3077
1193
2684
5388
9733
5785
9652
9967
1148
2005
8091
3054
5100
5271
636
6770
2110
7777
75
9955
9104
5559
6468
6452
9967
4068
9439
8583
3363
3739
3582
1758
8196
9282
2549
5465
385
4964
4416
6721
2485
4235
5286
6699
1961
3169
2146
2902
2113
1197
451
3721
8810
5059
9340
391
3894
6941
6729
6248
1969
177
4633
554
7913
7886
4811
4081
1961
4727
6565
9416
8608
3442
2508
5297
9619
3271
1183
4031
5272
6167
755
8060
5815
4323
772
2416
2296
205
8772
9128
7043
4615
8825
3528
317
6255
8810
6362
9721
4080
7539
8892
7581
5951
1740
5587
2079
5094
2667
6520
6046
5918
4496
4633
2985
8602
6842
7505
3183
157
5260
4415
1328
4703
7341
1231
5575
2574
7043
7389
7877
2410
4890
2873
5841
781
60
7354
9835
4827
7886
5095
6954
710
7126
6877
4388
2253
3522
7963
5633
3944
9941
4308
9963
2173
2152
9967
9413
4282
4939
8145
7566
3686
5453
5517
6350
2250
6033
9117
6167
8490
6553
1148
1066
4941
89
2604
5094
1848
6632
4218
6500
5629
9862
8488
253
5479
2029
8652
1901
8544
1504
6657
1589
1815
3894
6824
3974
5254
8650
5346
9088
5254
7547
6771
9486
3110
8434
5889
59
3730
1274
3539
1396
781
6803
8750
1153
6500
3536
1919
7990
4056
7371
5285
279
2298
5260
7773
3974
9080
7884
8018
4651
3428
1711
404
6218
3908
1919
1961
8383
3271
5980
156
2278
6286
3081
6996
5471
8051
4095
1337
9967
7773
1919
7855
3283
5396
6563
1400
2333
1919
7823
4662
3216
7302
3324
1288
7644
6770
8036
3003
9128
3333
8052
8527
3424
2894
6353
4755
6468
4383
6629
263
5391
7503
4621
3539
3710
3570
8913
2706
3658
7253
3539
9757
3515
4063
4929
8455
8227
5301
2374
7255
4375
3363
451
8987
4116
2811
4394
6167
3800
5719
4596
697
7634
6586
5301
261
6463
3310
4884
6520
5841
6304
8623
9652
1241
2300
1632
3121
3582
5504
7976
325
3713
7884
8227
1459
1281
1076
1377
1032
9522
6983
5895
8998
977
8120
8964
6042
3885
2188
798
1119
6167
9593
9234
3994
7014
9833
3272
3974
9278
1141
1926
9514
1222
7575
3840
5929
5387
5712
2449
92
5260
2604
7786
2300
6931
948
719
6241
7932
9404
8662
1017
3339
6785
4757
5363
1119
3470
9605
1044
4068
2286
9687
5685
4658
5554
7490
1991
8636
1740
1023
7064
7471
9432
3763
6535
2372
3101
4757
813
1590
2706
936
3652
75
9790
8432
5590
2722
8110
4685
2740
6075
615
6222
75
6420
3207
7109
5863
6042
3668
1334
4402
2740
1277
5728
5909
1267
51
6392
4621
2298
4270
1148
317
515
4333
9655
1410
2650
6607
101
5889
913
9233
8132
203
1901
2146
8145
9036
5271
5975
5301
3716
5126
2507
5387
4300
7794
4726
7302
2190
6721
7393
8334
5301
8512
4733
6721
1659
1692
9955
1474
6344
4246
9514
2278
7049
4500
6500
5271
1099
9371
1141
5271
5568
9711
4491
7656
7557
6988
5821
7770
6025
6824
4700
854
2253
5314
5388
3264
8209
6785
2930
593
1386
9316
4987
8054
1153
6774
5852
5331
7261
1584
5126
3768
4237
3713
8615
1114
7319
7389
6188
6824
8014
6663
5271
3676
221
169
936
9537
8810
318
5270
1335
5383
2804
5951
9754
7273
3536
7288
9502
4224
4607
4071
905
9824
2659
2998
5779
2712
3991
1377
7356
3582
3536
945
5271
3396
3207
3754
4218
4757
5219
5992
3017
2283
3420
3162
6563
5615
1467
7963
9870
392
8608
515
511
5633
8018
9645
4056
9517
8707
772
7990
7324
2581
9743
9269
241
669
6743
8757
6977
3840
3182
1403
8663
9839
1736
9087
4375
6547
9080
2604
5125
2571
9207
2733
2150
9407
2706
4238
9121
6854
7519
460
7389
8561
2753
7134
2874
3974
2856
4621
4116
1658
6167
6797
8684
7268
9340
9529
1439
4705
1119
8253
4525
4929
4846
2851
2753
9642
8883
2873
6445
7884
9960
9870
7242
6004
2472
95
4116
4056
5188
156
8965
2105
1252
3198
8435
3079
8235
3216
2712
5625
6890
2625
6147
6530
2099
8672
5132
6699
3763
1919
1620
5858
1189
9655
1556
1066
5301
5346
2299
6809
1447
6227
9880
6392
1690
2083
4095
4743
5863
38
7256
9340
5805
5305
1197
5161
9305
6232
2278
5272
6167
5584
9721
1559
5140
2828
2374
9340
9234
3006
3991
4388
4757
669
5115
7798
7043
819
6720
5260
8892
8018
9872
339
2687
9990
3182
1689
2345
3215
1119
2831
115
1323
5432
8793
5412
4004
8317
1252
8936
9754
8280
7399
3050
6084
2427
3459
3991
3980
2699
6816
8269
8840
2707
710
6977
1915
4648
6497
3165
9766
4563
9865
4987
9960
4432
2657
39
3054
5745
1473
8577
9645
9074
2345
6166
2468
9216
7276
6615
8408
1488
6826
6808
936
243
9261
5673
3687
4309
2218
5467
1950
9093
6721
9590
6056
3459
5412
3563
4019
936
4610
3893
5747
5629
616
5126
6147
278
2256
5709
3209
3426
8128
4019
3763
620
7622
552
6321
3539
5060
936
8810
5316
2871
3003
7063
8810
3537
4387
5238
5095
4026
2014
5748
5732
1334
7190
2604
5274
4685
7833
2253
5702
4380
2639
8516
5895
4621
8779
9417
5471
5167
678
6129
2283
5747
3598
2604
205
5905
393
6400
9340
5627
9057
9960
100
7039
1335
1
9207
5883
1081
8760
208
4649
5832
2083
2372
4214
4677
6873
1024
4615
6936
4290
5387
156
9301
4753
3092
1919
6034
5301
772
4255
7504
7127
1972
2418
7829
2589
3939
8789
8810
5383
3198
672
4632
9234
4116
5329
5388
4691
3
675
9744
9847
8296
1961
7213
4029
6206
3065
436
1148
7253
7374
3826
2625
4127
5608
6320
6325
936
8939
2330
3380
8368
1747
1919
3364
9020
2802
2856
9076
4929
1141
205
4323
7829
265
9087
4615
8323
3991
8408
8145
5951
8379
8928
3721
8901
3918
8642
734
9832
115
4164
6595
160
8641
6167
3539
2222
1641
9323
9407
7037
9584
5301
6024
2110
303
4068
8339
3283
2999
1183
4300
2283
8555
1736
6989
5390
7000
59
4214
6770
7139
9390
5126
4121
6770
936
3585
9104
3538
5260
8605
3808
3207
8227
2958
1180
9503
943
3297
4197
2924
8037
403
8122
9994
6488
4598
4172
8523
1373
3364
4151
7066
1742
1663
3343
7990
8045
6563
593
9514
3840
2623
1689
7771
7183
8210
5895
5771
7
4854
4110
936
595
7875
4282
554
6304
11
7190
9720
8451
156
4110
404
1742
404
890
5330
3800
8313
6761
1047
2592
1950
4674
3381
282
8719
8479
7729
6721
7351
963
7401
597
8815
8690
3624
5252
5479
5346
8310
5246
2159
7250
6721
5842
936
9080
5271
5877
9850
2687
7391
3803
8323
994
9317
5314
8235
4543
4874
2100
8590
391
6826
3253
9158
9968
9315
8461
5919
6826
7860
4298
692
4312
7514
3840
5819
5341
638
593
9596
898
6432
4287
6764
2490
7259
8577
4116
1682
5867
5301
488
606
4389
6549
3900
4597
182
6432
451
5955
1879
4294
2480
5175
6615
6824
8853
4854
3007
1616
9821
312
5097
8235
5639
9153
6278
2467
1799
8823
4982
2784
4472
9340
3344
2172
2340
8636
2823
8975
1438
5992
4767
5173
5013
5615
2880
7391
7183
7786
7044
9790
6951
8252
936
5533
3555
6721
3615
7389
3528
6237
1042
5286
6936
9340
8810
1549
7376
4056
7125
9371
2253
2719
5089
4615
936
8323
9586
7302
5430
3815
9207
5301
3658
3994
6167
3849
5863
9686
836
7719
2022
291
9482
7203
731
7443
3813
4996
2083
6658
4759
3705
6265
1441
519
1008
8973
8991
117
4894
2856
1961
9937
9992
4391
9432
1915
7139
1148
4282
5301
5160
9511
1049
1647
4246
6600
8488
6748
1961
3921
1004
9407
2489
9053
4300
7729
3331
9024
5502
6271
8221
4019
2283
8451
4675
2283
6565
9870
309
3637
4617
2499
4825
612
6556
6666
9063
7499
6784
4520
6455
5084
6348
7063
6267
3794
4477
2299
4031
8061
9074
5735
6891
2486
2357
2296
8555
4857
5010
3092
1151
2391
1103
1740
7089
4961
2933
1803
5270
4116
8368
5748
9974
5271
7855
404
9862
8784
595
2687
9992
2549
7986
4379
3215
761
9850
4720
4132
8648
1459
4477
1787
5284
5441
4116
2798
2844
9556
6721
1008
2354
4939
2298
9340
7374
3381
8420
4214
4638
7399
9511
2859
5011
2190
6098
3701
1980
2182
4238
7828
1197
1388
3003
1989
7963
3912
6037
4682
9955
616
2604
2284
348
3054
4628
3418
1162
4961
6780
3442
772
1867
3739
5312
4717
8020
5560
1060
1441
1619
720
6448
4068
2221
5094
8145
1148
66
1857
5425
551
936
5188
6515
1142
5859
8182
7557
2357
1961
5265
9132
117
5042
6477
8811
8058
5153
380
8570
8371
6675
570
6936
1274
1941
5301
5973
5095
1214
3994
4202
8013
936
8282
8615
5126
4116
3442
6350
3003
9805
2298
5271
8379
7745
6318
1337
2438
8615
1
2885
8317
7418
6682
5301
2892
2059
7849
6066
2530
7335
8061
1147
389
3955
6770
8882
6632
7418
8100
664
7041
4798
5115
3616
2010
5188
3986
4964
7273
8563
6785
668
4247
6468
3811
1766
3881
5217
8175
5095
6596
3277
1954
2354
3729
3934
8272
6729
561
7891
4615
3539
1141
1473
230
1661
1337
813
6705
1032
2528
947
9194
835
5132
3077
2162
3974
5842
3730
2588
1248
3658
8922
4844
3127
5153
5329
8277
6028
5089
4871
2586
6392
6721
5842
9745
5479
3347
3763
7173
4116
1337
2080
3345
2195
6100
3277
5346
6446
3960
9080
9758
9791
593
3840
4003
1790
7626
4473
1337
4116
156
3934
3333
1334
7418
9584
2172
7183
6199
5383
3840
4964
9448
8892
8145
7231
384
2089
2283
9255
868
3216
5057
4886
9052
3792
6037
9340
4255
6785
7172
6478
5765
2893
9645
7389
5125
1647
9511
9966
8033
5657
3539
3196
1777
7124
3169
6167
4640
2072
379
5502
9278
6079
1442
3352
9121
3965
2172
4929
376
4323
117
75
772
9852
1368
5342
1212
1919
2296
6784
6265
9721
9949
3571
4375
939
7512
6466
5166
3048
3401
1556
4034
4027
8128
5815
5466
8013
6721
1919
8826
2780
4461
8227
5095
9993
3198
5467
3254
3571
3077
7849
4075
1088
3019
5554
176
9317
5464
2172
38
9185
7043
2828
7456
5146
8779
7063
5301
2145
2783
5301
3960
3215
9395
1961
4202
911
5936
5301
4116
3713
4550
3512
1961
3520
1228
8556
2587
1049
7588
7914
3658
7773
5115
7612
2706
5889
2828
5301
5160
8193
7293
8189
9289
3077
5509
7566
4939
6069
6721
6168
7463
5800
5962
1447
5254
3588
8698
2467
5694
4292
4470
4261
1021
6774
9129
3329
3077
8810
7031
4805
7499
6167
9012
2908
8023
4757
6649
4391
3910
4885
178
5650
4388
4595
8427
7153
9967
6631
5270
8878
6528
8459
4116
7578
4592
3840
3276
6147
4287
4224
8227
7335
5301
3171
9029
7520
6238
1733
5240
5895
5593
3022
8124
5387
8182
9800
2233
9416
274
2159
1141
5373
1002
6208
9944
9870
6212
9652
9586
6167
1396
9995
8527
9439
1838
9017
9711
2029
9347
4633
3003
6770
7935
6996
2682
391
2582
2625
8651
7786
4099
9586
8132
7183
5978
2958
1049
9754
9110
8010
1191
2105
9216
8308
1762
2834
4042
4063
8994
8963
5728
3860
4651
971
3327
8323
1910
2103
3251
3528
1018
2296
9013
8734
9289
9129
7905
7512
675
7884
2120
2758
9865
6167
7641
1901
177
6167
2844
9216
4621
5053
90
5992
2298
4214
7670
7150
3189
1162
226
2467
4362
8145
1457
630
5050
6167
5908
5998
379
1961
5394
1032
1381
5914
6161
4757
7549
8836
6774
4817
5815
9317
1984
2798
9071
2354
2299
2299
5918
5234
9605
1141
8488
1803
4757
1961
5689
8707
8052
936
1902
4857
9723
3658
3216
6234
8929
8907
5126
5889
7615
3411
6468
9095
7523
2545
984
2284
752
9128
1496
7914
2369
8058
8556
312
6690
3110
8061
6809
481
9963
5221
1153
5393
8135
7172
4238
6580
1142
4146
4216
7892
3881
348
4095
1790
5386
9967
4699
7888
7573
6174
6620
404
6911
1162
8371
8227
744
8403
5146
1848
4546
7265
3713
2285
6826
6702
5554
1365
7729
936
632
5737
5355
592
2151
1902
5271
913
5064
9967
936
5575
1142
226
8937
8323
6899
9085
4765
4188
7335
595
3624
8720
1950
7557
3141
2957
8323
385
7069
7936
3818
8435
1735
1847
2980
6703
3380
6816
1076
2417
3771
7849
3574
4897
8578
6255
8162
555
2300
7229
1183
595
1240
4720
2657
4970
1818
1961
6367
7242
2957
2706
339
7309
6868
9536
148
4618
156
7072
8860
8453
75
7196
7389
5957
7710
4840
7043
1219
2678
1416
4593
7196
4243
8061
1654
1614
5363
2324
1961
7378
7413
4116
3539
4593
5409
6720
5237
8685
3818
5369
8985
7935
4116
3978
249
3271
7849
6367
2820
3983
3991
3161
7625
9921
1148
8774
2706
5401
1799
3676
6824
1919
5805
2029
7557
7351
8619
2678
9846
7886
5271
3994
5206
1782
1961
8382
4218
7475
6842
8994
4427
864
4723
875
9879
996
770
9652
9815
5842
9977
8987
7194
4102
1970
9165
5768
3441
4918
4003
1837
1023
9761
3600
3229
1142
9955
5815
7266
3539
7069
6455
3187
3570
4308
2707
240
9790
6371
9555
8685
877
8135
9844
5195
5301
6023
7255
1612
516
7971
5369
9407
5627
8427
2659
1804
1153
16
4541
3894
8785
6287
1591
185
7904
9080
4243
2706
1776
7494
5222
3840
7557
75
5108
3128
6271
6396
2913
8512
3510
6540
8339
2640
1704
5895
8484
9957
4239
5301
3363
9340
3259
4755
9071
2190
1915
4943
6596
9955
9623
393
9939
1336
7177
5301
2999
6310
5605
3798
5002
2650
4116
3003
4550
6139
8907
8883
4653
2708
3818
2296
342
2420
1410
1790
972
5013
2130
6977
6322
7253
59
9880
141
4009
2289
1328
947
7914
6167
3600
3411
1153
8810
8339
1611
3171
1188
4291
7009
8395
8892
5346
2345
4516
6048
6325
538
1651
1459
2706
1245
572
9800
8917
4486
6552
6885
6167
156
8750
3520
4700
6941
615
5312
5301
3420
2699
5064
7387
6719
291
8810
8586
9815
5465
3881
9087
4815
9869
4237
8661
1900
4897
9273
5615
1064
2487
669
7535
117
5271
5627
936
7524
1956
5387
8006
5430
6104
5125
6071
3291
3947
2750
5260
2945
3538
6715
5041
3248
3207
4711
4511
5517
6145
4720
3075
7242
6620
1364
8809
8018
3075
8856
105
1042
5156
5333
862
3713
1422
6779
5568
6048
7104
7557
7414
3786
7523
2017
7730
5210
7843
755
8479
9921
1183
1919
357
5457
82
243
45
2110
5312
4723
6540
5993
1494
6675
1862
6830
1707
4841
8061
6885
6620
2050
4691
7053
196
4635
1747
6343
366
5312
8318
8951
9624
7253
8490
3261
7925
8932
8072
1266
4224
1877
75
2793
860
3216
4885
1611
1961
6771
7414
531
1534
6166
5999
7253
3536
1148
4214
2852
5271
7396
6074
6956
3770
9739
5709
3800
6993
920
7242
4379
813
3991
9970
4282
9870
1413
6265
4313
6276
6726
4000
4602
4104
936
4617
6561
1469
3739
7008
339
376
265
4936
8288
2059
7420
852
1999
8555
4114
8296
8312
7607
156
1950
813
1847
973
3550
1141
4982
3593
1560
2298
939
8707
9371
2716
2017
656
7316
2027
5108
2908
1334
3758
1837
631
9852
6556
4813
6943
9340
877
4827
4702
2283
8253
7242
2428
3974
813
2530
1334
3381
6066
7194
8312
7182
6721
5388
5271
7242
4285
4743
9417
8196
6721
2490
3580
9080
936
3785
8310
3079
3466
2264
4755
9495
7710
9413
8323
2169
7309
4262
2604
8662
4411
8750
2944
1141
6893
5355
8860
6721
379
8373
6455
8312
8810
6902
9058
6145
9994
2604
5126
936
2967
6497
9186
1153
5260
6663
4685
7631
6468
664
710
4116
193
523
8368
7503
772
3230
4739
4436
385
6238
8711
9721
3267
2103
1651
9403
5480
4691
1024
8711
3215
8616
1148
2706
5819
1790
6442
2407
5120
9949
2083
4696
9623
2005
294
3350
4672
7128
326
6809
3193
5684
5125
4216
5992
5639
8061
1977
4428
4322
636
4403
1675
2605
7072
6101
391
7428
3445
5876
8662
3003
1035
4755
2300
7429
1537
2022
9234
1790
3019
6161
5270
6988
7499
8487
1393
4482
1902
6243
4285
1504
5312
2094
4486
8105
9340
947
8061
8331
6785
2740
1474
2706
813
7048
8061
4118
2930
4720
2207
1142
8145
7785
3803
4739
4644
5709
8555
2381
3840
6637
358
5741
5633
4832
4644
9832
4757
8750
6785
8720
5435
1996
9190
7689
6961
2992
5166
6890
100
4615
9479
936
2393
8672
8441
5271
1591
8802
5346
3763
8690
5685
2588
8282
3360
5905
9968
8990
3019
8210
528
984
2333
1337
2990
5420
973
9514
392
6227
1441
3355
372
851
2999
8135
3003
6166
5929
2352
675
6620
3311
1008
8340
3960
5533
9428
2192
8840
6403
1303
3580
4985
3639
5815
7612
3311
8699
4685
1148
7104
11
9921
8952
9675
339
5554
1119
7557
1186
1119
1099
8465
7829
2708
7843
156
3639
1901
3322
5630
6352
1747
8175
4116
2100
7466
117
4653
3364
5172
8810
8527
6480
8901
349
3800
4116
4875
537
778
5084
1153
2933
8998
1148
7527
568
8373
6608
7760
1197
813
8932
9190
4003
4294
2296
2867
4080
4982
6227
1189
1119
3910
1141
7746
2414
3666
2175
404
9571
5480
6663
5260
1008
5465
9517
6098
5329
1790
3536
2707
6321
5741
8994
4218
1759
7043
4720
1789
7849
6729
8810
5412
3228
4239
1153
5807
8190
6835
5682
7618
9560
9290
6839
5126
7798
4403
6327
6468
750
5326
7253
100
4762
7904
9529
936
7809
9093
348
8013
6770
8640
406
6433
4755
4871
5225
5271
59
3486
376
1452
1722
1357
922
2152
9879
9511
5346
1303
8145
4731
6647
2650
7959
6405
8252
3571
6538
3382
4116
2018
6721
6639
7963
5346
3165
4246
9869
6362
9121
8928
3400
4308
3658
9026
809
8552
2130
8931
2707
2354
1228
205
7745
5125
1144
8640
8750
6816
2019
7886
2253
5165
4238
2657
2036
3476
2974
1809
4063
4063
3658
9278
2327
7064
9013
2221
8006
6715
2856
6394
6392
9865
9555
4875
8189
1919
8573
3331
5990
9469
72
3840
8421
8061
75
3761
3227
5895
2508
8892
3610
8057
7833
1742
8091
6167
3763
849
5852
3896
9154
5153
2828
3608
9590
8886
9121
6451
2892
920
8382
9316
1141
8529
8957
7397
956
9869
7475
5889
8602
4214
1632
2813
3593
5053
4486
131
3189
9663
2284
5231
3557
8128
5728
4644
697
2032
7273
8911
4286
6407
3974
1128
5936
1153
8567
6715
8932
8145
6037
6081
8145
9652
7316
1183
9879
1689
4566
5495
936
7267
8662
6241
4961
8013
2822
117
3821
8379
4246
4550
39
2806
700
1556
5458
4991
6366
8259
8145
8668
6265
8450
3800
1690
9723
5998
7844
6674
3696
936
5572
5181
3478
4075
529
1193
710
4116
3418
1153
3910
5108
6774
5533
1248
2706
7523
9271
8750
4621
4300
6062
5709
5737
8383
936
675
8404
5533
664
9852
3054
5630
7963
5502
1410
348
1119
5301
6167
5557
8200
4056
1148
5284
261
2487
8235
7396
9795
4240
3899
5314
7886
3127
2941
8344
3608
9121
3395
4214
8974
8810
704
9947
4452
9253
3563
2948
3680
8410
2428
1135
5301
6572
9087
7786
8312
7471
3185
9071
9749
5641
5446
6706
8185
7880
984
7395
3442
2434
30
1035
7190
3441
8790
7549
777
451
4386
7914
9398
8018
486
2450
5301
4755
5346
7458
6304
3255
4116
906
3121
571
6785
5126
7607
8637
2299
7411
8779
1961
3094
9432
6423
6205
5301
688
8113
3447
2774
4122
7207
8524
1336
4563
3215
8427
6092
3580
2793
2428
8022
4246
551
9229
7886
303
4912
1806
2120
8002
2248
1148
6015
1611
1661
2604
5002
9080
7612
1733
1794
5895
542
9711
1219
3277
3971
6611
5173
4386
4308
8563
8227
4615
3616
1101
947
5341
4443
972
4874
5370
7904
1770
5126
8145
7627
5447
6398
8647
7884
936
3216
2116
8235
5895
412
6257
5125
2472
6362
8138
984
2604
8685
9955
2235
1919
7234
4598
9555
2481
7534
4011
310
8733
6770
5282
2283
6878
9072
6414
3291
8235
9186
8937
5009
243
9869
7253
3490
8145
7527
4335
7009
6255
3840
404
8408
3203
936
1848
391
7525
7316
5972
3683
2411
9711
3658
3461
7102
9416
1828
5398
9935
5716
1242
3758
474
7418
592
3092
8339
8690
7503
5423
8061
9620
8176
7351
156
1409
768
4685
8061
7829
4277
8137
1721
2957
3441
4375
6392
8288
5394
3739
5510
4056
2369
1127
8840
2706
2582
9918
3840
9066
2175
1703
9820
7854
7075
4264
2415
9844
2485
8105
7104
1160
4939
3658
300
7402
3840
2739
320
7935
9338
7043
4237
5657
6691
6080
3811
5575
7849
8383
10
6147
9988
1099
3840
4500
7374
9124
3261
5715
4991
5217
2578
9711
4783
4525
637
5805
9083
9681
3216
8658
3476
6663
8210
1153
5843
6482
8340
7480
3520
4255
72
5867
4628
4116
943
2771
8061
4959
2447
8971
2026
8210
7674
7019
4081
7203
9040
4871
3646
2798
2296
5217
5391
7618
6763
8023
5877
9593
8312
2360
912
5282
3198
2059
5383
4116
4019
1240
7746
5132
8810
9340
2625
9897
6147
9278
6721
6042
5126
6796
4801
9880
6520
325
5061
3705
3658
344
5301
8235
1226
8058
1919
1153
5312
9879
888
2299
2186
1148
1183
385
249
8093
1436
6325
7779
4771
3935
3579
2151
8261
9955
8678
5906
5843
7000
2333
2581
1004
8137
7418
9216
6870
1901
6547
5616
2604
3340
4517
8064
7224
7669
2172
1660
3277
8002
4091
5533
5383
5237
6520
4116
6816
2960
8616
4151
7124
5992
6663
8892
1999
2564
6880
2942
3396
212
3157
8346
6943
5832
5093
9723
8901
2010
9080
5329
1790
3539
5346
1690
8130
3441
7626
4411
1042
6046
1788
4116
5993
1227
785
6789
7190
936
3022
5219
5098
7849
9803
8699
2161
8704
6139
3666
1337
813
8948
3536
260
182
177
978
2708
6535
3840
8323
1883
8931
5962
1961
2591
675
2036
1793
4547
8175
7793
2813
2921
2234
6294
3737
2351
1848
3713
1494
9128
9497
4237
8052
936
8512
7043
1969
4607
1064
2296
579
9642
2482
5792
8968
1914
4615
3485
9371
7673
4964
3062
9340
8463
2330
1109
936
8408
3579
2902
7935
1901
8128
5126
2135
888
6167
551
7867
1183
8746
322
2750
6816
9245
3508
6565
9723
1337
3024
4929
7289
13
2286
2235
2508
3571
475
1790
4237
5665
5271
4142
2438
7849
9319
8145
3486
3958
7848
3486
3050
8323
2018
2448
2438
9029
3705
5260
9623
7234
3811
9022
5540
7503
1413
8748
8995
5919
1689
4104
4815
5084
294
8145
2298
5126
2283
5219
5468
6032
9630
906
3054
8098
7134
38
2416
9039
8652
5502
7371
555
4833
7961
8272
2903
5716
3110
8463
1583
3813
7815
6037
4091
59
8723
3840
1017
5758
2609
1847
2844
339
7351
4827
6943
3587
3815
6893
8616
8690
7893
6908
5018
9879
8927
813
9083
4064
2921
9083
5685
5673
6811
2846
718
4461
6011
6325
9340
7063
3947
1141
2678
8944
6071
683
5388
486
3658
6855
873
5126
5284
5260
5284
9071
5895
9815
6287
5497
5889
3975
8166
7964
5771
5463
8323
3947
6988
2352
936
205
2661
9079
2358
5040
182
8061
1944
1064
7374
7288
9408
4685
1258
5895
559
1242
6927
2122
7860
6948
6761
8570
9461
9144
8922
2285
9622
211
6318
4755
8460
8108
6699
6286
6248
7213
7490
134
8175
240
8450
9087
4019
8312
4116
5471
6919
5458
5709
2553
2283
8437
2357
1334
3283
5483
9620
8002
7997
3459
1992
4011
3680
2625
565
5633
260
2056
2604
3860
7750
1099
3537
6042
6577
5106
6062
8331
5521
2534
7443
6234
8159
5554
1546
9955
1961
7860
5102
3686
1142
8145
3800
6699
984
2530
936
3117
2504
2685
869
9417
1119
8585
7256
4040
7814
6221
710
6142
8302
4414
156
1480
936
3541
2354
391
9584
6167
3012
6361
9105
9071
719
8931
7199
8607
77
8340
7904
2162
3537
6747
3411
3588
9912
579
2549
5166
7951
9944
2449
5889
6741
9502
8382
6468
1355
8563
1848
2516
7793
317
1919
7539
6939
522
4598
4648
5457
2871
9098
7716
6167
8488
3059
5412
2530
8083
1396
5234
7125
5237
5589
4717
615
7124
3169
9407
6401
2708
968
1544
4470
2426
9916
3311
906
1848
8810
31
3800
8667
4319
5246
9921
3341
695
4545
1141
1153
8626
279
4461
1474
5166
784
2464
1612
5269
3803
1919
936
4414
4755
6238
1365
5310
6870
395
5274
9103
8608
8383
7279
8061
4443
9821
1742
4550
5880
3553
6231
836
3092
1474
8128
2594
5160
813
9761
9630
2000
950
3003
9029
1023
385
3117
5231
3003
2926
1961
2010
6982
7798
9879
161
5895
8282
4919
156
4854
7665
6824
6809
5369
2146
1961
2284
7014
59
8577
2957
7798
5575
2927
1961
6227
5681
5438
3659
198
3065
4461
6677
5624
4414
6824
2958
8772
9711
2740
376
5778
4615
4214
8219
3840
1390
5125
9022
7886
6468
2451
3240
8563
4238
1008
7072
4602
9514
5000
4114
6098
5918
9511
636
2869
2952
1008
9184
936
7261
7821
4658
3352
8741
9642
8527
6183
4874
7985
8555
9183
3479
8901
3216
936
8100
6936
4648
3207
1919
853
4019
3818
5705
6433
5333
2856
9852
5260
1591
5792
6309
8184
6721
2958
1610
2323
5437
2507
1037
156
8815
6222
5141
2018
7665
9993
9992
4202
9655
3447
9522
3536
5863
3894
517
5625
3803
404
9821
3813
9103
5095
9987
7469
7884
3626
5807
1
8167
9404
7000
5219
8227
5740
1759
6750
7798
9821
6785
8850
2507
1232
8488
7242
6353
6809
4827
1961
5126
5702
5463
1337
1769
2357
9962
7503
936
1917
3840
2867
1337
7990
3855
9088
7032
5237
8145
8546
1616
9376
9680
1919
2798
3539
4130
9813
936
5728
7426
1647
2582
5702
1575
6770
6062
1661
6147
3536
2563
7469
4537
7741
2706
249
4982
8382
2604
1275
5206
9502
9502
9955
2945
1742
9584
1142
957
2340
249
5482
2472
7803
9517
7746
2059
2152
8052
1201
9790
9542
9813
1368
6507
920
4550
8156
638
8125
4004
9026
1369
9832
3739
6337
3539
7503
3582
2152
1961
4000
9332
669
1252
1954
7884
3381
6139
9012
9859
936
177
6993
4988
8989
9590
4116
8312
5271
4246
1023
648
8048
8272
7414
8746
5895
3991
4043
6868
2893
9440
9269
6893
8710
8175
6081
6314
4854
9921
3749
2345
8585
2270
6699
3625
6520
3606
436
8996
7786
3749
5390
6699
2708
8586
7905
7281
1646
3563
4929
265
6680
384
6715
7849
2948
4153
936
9879
3800
595
7043
5758
1201
4621
669
5260
5815
6404
9071
5370
594
8252
798
1172
4564
2360
6955
7104
1848
5260
983
9855
9404
840
5650
5511
5479
5126
9800
6260
3110
8376
3345
4323
4903
4590
4156
3549
3191
3759
9080
8378
4615
4964
5260
6948
2004
1929
3048
1267
936
9305
7667
2755
8994
1231
5901
5375
6515
8508
5000
7103
6939
1961
3860
4243
5736
3689
6500
1148
3459
5832
2156
6223
1197
95
1651
8010
6237
7730
1910
1759
1556
5166
4237
8058
5094
3580
7199
1939
8707
6448
4803
3563
772
6855
2999
7072
156
5126
7316
6951
3593
467
8426
6576
5639
6236
7897
278
4202
3203
254
6927
1586
7324
7037
7535
4615
873
4671
9955
8371
1368
4375
348
2498
1141
3678
8759
1358
465
6558
8950
5807
4615
8100
158
1504
1015
6507
1589
4629
1234
936
678
5805
2414
1961
1533
5673
7478
3927
9512
3228
9087
8750
376
1068
9723
5709
336
1336
8601
1473
2172
5753
2507
5845
5288
3490
6
3227
768
3789
9514
6167
5554
9080
3571
2565
4063
1169
2902
7063
9963
8379
6848
7535
3486
5865
934
3322
3727
9713
146
4287
5271
3645
6883
7145
984
8993
4486
2856
9785
7557
8185
5863
3948
178
5254
3658
5843
4717
9114
1919
866
4486
6721
5647
6886
3840
4029
3877
5639
2231
5993
8904
4961
1625
3039
7124
8432
5301
468
5301
348
4073
6824
3867
4815
4202
1831
6607
7374
1012
3003
1337
6401
3700
956
8690
9340
8351
3902
6414
1141
5465
9305
5000
5962
3171
7849
652
6344
960
4285
3777
451
3624
2248
8320
5819
7490
2166
2385
5795
317
772
7074
3054
1543
9994
75
6979
2708
4832
4395
41
9340
819
4486
813
9186
8847
4871
2661
6167
7072
1859
8323
1413
8427
2549
9867
2116
3280
1742
7893
6362
945
5053
465
2172
7914
8563
253
5624
5737
813
3837
6469
9921
5271
339
9055
3615
5929
8707
7771
2516
5889
9546
5841
6923
4011
892
6062
5242
198
4333
5191
4783
4793
9063
2808
2708
7837
7794
9879
8723
8613
6199
279
3486
8145
9263
5390
3146
7773
7870
8661
5363
1762
219
6015
936
8432
3051
8586
3215
5125
3300
1982
6545
4116
5895
392
5575
8153
3209
1927
5998
9912
1824
8555
7683
7063
9327
4325
2706
4691
6797
259
9791
9514
5271
4009
404
3900
9818
240
8451
1989
7426
7816
5615
2260
8767
4964
7523
1795
4314
542
7905
9514
5747
7557
1473
7557
7279
6970
496
5312
2582
6971
3991
5387
4625
5703
7276
5010
748
1961
8235
777
1614
7023
3407
1591
5889
9087
3169
5625
3313
9022
4608
1041
5951
3352
1790
9852
3048
3539
9593
9713
3840
3705
7418
5510
6607
5479
8878
8524
2968
4246
96
8966
4546
6167
936
2268
7710
4854
4182
3444
268
8739
4815
4116
7779
4333
857
5195
9417
3383
8748
3054
7072
5312
333
3615
9201
2920
8987
1676
3974
1153
7992
2168
3189
1747
6988
571
5492
8023
67
7387
6785
3840
4685
9921
8176
3347
6477
5905
6797
205
936
6079
1373
593
2159
2656
6020
5035
4075
2489
6893
7316
9593
1368
8785
2218
4674
5800
5013
8175
9259
1919
4019
1787
7897
1148
5863
6663
182
6322
8175
6520
2508
3153
3233
2571
6743
6890
936
4291
2264
3994
1891
2515
212
3840
4805
8931
6571
819
7009
3510
9372
1915
2428
4063
4235
3169
8892
219
7976
6034
6265
3267
6198
8281
1756
8555
9626
7072
4477
7625
3541
3811
5312
4767
5708
4300
8274
2604
6946
7892
5166
6057
9869
6255
6003
3894
5500
1854
7371
2253
2862
6785
6022
2993
8515
7104
8323
328
8527
4648
3441
7763
8901
1651
9029
9104
6977
1413
4238
6348
328
5269
8994
1119
7260
2530
7433
3003
8310
9340
772
8563
3485
719
3442
8586
8182
8492
1980
6820
9556
6265
595
8023
424
9911
342
4574
5042
1929
819
3593
3680
1410
2036
384
813
2706
7314
7244
9955
7418
9696
4056
1902
8898
3978
47
1776
6641
3110
3534
7127
9563
7716
2876
3658
6139
4601
3134
5575
8601
202
5412
6763
8145
4056
2161
3327
9098
2246
6783
3739
9757
2604
8379
3518
243
3821
5887
9083
860
9856
5834
8072
8052
5863
1492
1961
3169
4621
3859
9338
9080
431
1877
3125
7403
6257
554
9866
9992
9440
8824
1307
9184
1789
5260
3165
1337
4755
5010
6276
5492
9584
4414
5895
2687
531
433
1368
9758
7746
2780
7901
4041
2021
7372
1919
4300
1661
6941
4298
8145
156
5206
3215
9805
4064
5500
3840
5792
6255
1954
8479
5807
2606
6983
1119
2902
6308
7302
1790
8690
4757
9440
8932
8121
6620
376
9832
3840
779
3942
3658
1770
840
4720
3730
5636
8690
3991
1742
5957
5085
8789
1625
5516
5625
938
2024
1335
5860
7779
936
1939
1666
3048
7135
936
9165
3459
82
1229
9869
8183
4748
9340
3571
9186
1193
6726
8585
4700
1661
368
339
9911
3209
6092
2499
5297
6534
4116
8281
3485
8371
7763
6102
3312
4408
116
6145
1961
6232
4611
4009
1358
7875
4803
3198
6323
6012
2716
3524
9267
7097
8603
6048
6023
9572
3072
1790
4068
9645
7387
6726
1148
869
5627
1344
9013
389
4246
4056
1694
6188
3994
1229
2874
2951
9064
8426
7137
5059
3333
1173
9865
1900
6369
4018
4091
5788
4733
1441
6608
4116
8312
9071
36
8227
6272
9878
5159
5858
4237
2172
6260
5819
2190
2036
4323
342
1235
1919
8137
8625
9340
5126
4182
9256
6490
2893
3197
3087
4019
2965
9859
7199
2707
5843
3571
6468
4645
9186
654
2604
1076
5369
3773
9071
2068
5042
3333
1750
3307
4075
9652
2625
6400
9242
6665
3442
5033
6052
8932
317
3587
7254
2489
1488
7151
5342
936
4237
5832
984
7408
5771
3272
3582
9340
5533
8260
8253
4628
6891
5841
2059
5383
4793
8145
4827
5808
2472
9921
6380
5260
9960
9652
3593
205
6392
8901
3446
3658
6847
7884
1551
4262
4822
597
6257
8344
2730
4625
9085
2493
6888
3840
1611
8072
8939
9159
777
7095
8209
2990
7425
6348
5502
8344
3972
6265
4300
4202
7319
4003
8408
31
2488
5850
5480
3528
9964
9732
8640
5301
5992
4531
3840
4287
8323
3563
7336
7231
3056
3615
8802
5387
6936
3425
3534
4881
5081
3486
6392
2107
6556
2921
1162
376
1790
7767
2942
1267
30
8772
156
3411
6721
974
3396
5709
6676
1742
8615
1927
1742
6714
5625
9879
1410
6988
6257
518
8248
7049
5270
5745
3539
5458
5016
5120
6931
7710
7481
7462
9340
1201
624
2723
7607
6893
2902
4116
7490
4854
7557
8317
4389
8544
2770
8227
3658
1783
2967
8067
778
2162
6255
1635
1735
5301
5254
2036
5639
2549
6603
581
9593
6514
4783
8460
8573
3614
9628
7037
6392
8219
5921
9593
4691
5237
9138
153
4617
87
3776
1941
7884
6699
5126
7374
5843
913
8563
4899
7173
6809
8797
8422
339
6915
2298
75
1689
5301
9656
6908
8383
6348
6826
2399
5238
6848
4252
5409
4615
9584
3075
2105
3573
7633
5195
3563
1762
9757
5260
8710
9852
7426
9504
4234
5819
6222
3658
4525
8563
4607
8357
5404
6473
662
923
2289
9186
9234
8748
9642
3658
6196
156
4323
6779
2472
5748
9790
7253
2930
6365
9087
5383
7668
4691
9309
6923
2216
2019
335
1527
8475
1840
1533
1428
8502
5889
8646
5053
3271
3329
4985
8073
638
8064
4116
9340
5352
2253
3677
3146
6166
7255
8966
1396
3683
8261
1847
4857
1141
5895
9407
3840
570
7365
4535
9121
2581
880
8341
7456
4486
1023
2258
2150
7997
3768
1961
4224
8399
3352
9395
1035
1212
3439
5271
4127
6497
6473
198
1619
3537
9371
6167
936
952
5301
6675
5250
5630
9253
7095
6741
9242
8573
378
923
7187
7012
5915
2351
9632
1551
9578
75
1141
1141
5497
9850
9416
6167
3003
8555
2707
6931
6167
5208
6893
5247
9680
2360
8350
9675
3189
5301
9245
9340
4655
8608
226
5951
2007
9483
4765
1008
1000
3721
6012
4325
7667
6809
8467
3818
1088
5126
8370
9301
3571
1183
7585
1790
7523
1668
4658
4246
5160
3484
8379
3237
9289
6392
8319
5468
5918
8615
5863
5112
8213
7189
6455
6355
1141
8361
3563
1298
8548
3840
4755
8058
5857
4685
278
9872
9935
5962
9800
656
1919
1418
9319
1114
1472
2010
9963
9110
4525
5575
1142
5301
8815
2358
205
6493
4815
4815
205
6469
8395
3879
2687
5936
320
3401
7323
8949
9234
2145
6641
8324
6690
8421
566
5709
5482
5383
9595
51
6721
936
8132
4252
8235
7077
7134
5342
9409
2005
2843
6414
7034
1690
6167
9183
6139
171
8145
2387
8810
9313
1735
9063
6515
9972
1644
9839
5815
4661
8641
5992
2029
3437
2354
5301
5559
9183
9511
4582
8184
531
2059
8640
1275
1663
5693
6098
6125
6826
5993
3271
8272
9080
2604
3242
6816
4108
8277
7828
8395
5346
7798
6770
9921
7557
6026
8162
7884
6540
3396
8479
7612
1902
4116
9219
2864
333
7656
2080
1410
5625
2902
4693
2802
1020
1055
3884
7354
4270
9263
8130
7557
3364
6824
5167
7072
4894
1919
3813
378
4691
4116
5762
7253
1961
5337
2471
6547
4031
6143
1902
6160
161
6809
4615
5388
6182
8555
8382
4833
1926
7389
317
3679
1919
1789
2036
1062
648
5625
4043
4582
3539
6037
2933
5465
5694
2905
4325
3395
7397
2116
1337
2740
4214
3165
4720
1609
9852
5054
2825
2299
936
3965
4116
3539
6820
21
1470
5625
1688
9264
6715
4964
1141
2323
1711
8288
2707
1634
1556
3840
504
6725
8039
2952
177
3110
936
8428
936
6941
5832
1233
6762
6663
6225
7638
9850
7287
8367
4112
8970
5053
8460
2604
9013
1742
8810
7389
1179
302
9340
4755
2604
2387
6830
6797
6553
6066
7746
6380
3563
6192
7090
8312
7231
3556
3442
1141
2820
2421
8441
6272
433
4757
9571
755
7331
2428
436
3097
4146
960
3729
1222
8145
672
9870
5470
6824
8661
7613
3658
9642
4581
6695
1042
2874
7048
5125
9264
3677
2678
2978
936
8145
8948
8519
4443
6084
4214
4633
6342
2195
6707
4237
7426
7043
3276
3952
4828
6198
9869
6507
9779
4621
2733
2999
2673
6167
115
3579
8147
3520
460
9921
4890
4803
5383
400
3580
5108
8656
2300
813
6362
3271
542
5329
1459
3637
9340
1141
1023
8685
7786
5479
8685
2300
595
5301
3119
5484
1762
2930
8563
6529
8058
2004
4719
1641
7892
6936
1311
5003
5126
2957
243
1135
339
3952
6119
5075
6348
2149
1153
6325
3763
1123
3506
4214
3173
7079
1770
333
9417
3506
2690
9029
3032
3237
9437
7201
6024
456
1148
8616
8729
9844
6954
3763
8555
2868
6675
2221
6826
5490
1008
1790
1848
3990
9586
4112
3327
7911
7886
5355
4917
7092
7639
615
6257
5779
8513
6743
2372
366
5702
2920
1770
896
307
2029
3153
5983
3885
1619
9416
5728
5958
9704
325
5495
5774
7828
318
6797
9186
1274
7015
1929
156
385
5396
3610
9941
652
9242
6564
6808
1102
4852
2871
1162
3141
1008
1023
1454
4942
6988
6098
5753
3215
1660
5832
5173
9968
156
3971
3150
6885
4323
4246
1459
3960
9085
7427
5071
2256
8105
7365
2906
3198
8933
4691
4255
6996
5500
6911
1961
8704
354
1046
1961
2024
3153
7172
8182
8112
9736
7267
7309
8488
2103
6359
6255
565
9417
3587
2221
9268
2307
1819
5428
4300
8750
2074
9124
42
2582
392
9790
4720
3885
6276
7607
263
7858
4621
8748
5463
5355
2724
2010
2945
3840
6785
9319
1950
7849
9586
1081
8864
6809
7960
4009
5768
6746
7504
6957
3646
5312
4598
2844
7858
5895
3951
2582
8631
3571
3690
1141
4885
1446
1141
9340
8593
8912
7976
2844
7564
734
3811
3173
4287
7656
3980
2719
9526
5495
4550
4964
3658
8383
1014
5303
2876
5394
5508
5479
7755
388
1410
3189
5297
2436
8145
8716
3081
4068
4288
6265
3937
5254
1961
1755
9593
3225
147
249
6362
4300
2844
6232
6608
5618
6000
508
7948
9398
75
9093
6993
5602
5620
3238
78
2668
8227
5260
8605
3395
7664
4075
379
3259
66
8373
9800
9518
6364
4407
719
8132
522
8892
906
3151
1183
8103
1774
5271
8479
2283
923
8860
3855
9482
2530
1102
2687
1016
4980
5271
2459
6880
9957
536
4583
5277
1736
2209
9590
8272
5288
7456
5709
8061
3230
5883
8488
6238
4618
1670
5889
3277
1961
232
7632
5237
7499
1141
9093
6824
2753
3290
8429
45
5566
3403
8642
6047
2604
2825
6773
7878
8570
936
1637
3894
1644
5717
518
5342
9824
9881
3442
6929
3925
2716
3074
4116
6323
1099
595
3958
395
1114
3840
7255
1961
4257
947
3040
4417
9897
844
5383
4552
1447
6167
6611
7223
592
286
5480
5800
8654
8939
5314
5211
9432
1409
6816
4704
9652
4116
4612
6316
6520
368
1334
5188
36
5175
1483
1142
8527
5709
5863
6113
7203
4823
734
115
7072
3364
6721
2283
2380
947
4625
8662
1790
3815
1410
8821
2706
936
4988
3729
6564
5625
5089
4239
1828
4172
9916
4910
4778
8774
1255
1292
7066
8310
3062
3800
3272
6265
4074
813
8061
6948
358
391
7625
1771
3539
5863
4866
6759
6721
3196
9299
1162
847
9832
2958
117
5271
3180
3429
7886
5176
4786
6603
4243
7389
5271
2625
8513
2029
3420
7841
4116
7803
7039
7348
3381
6104
2021
7664
303
5468
581
4041
2005
697
1616
631
2313
1961
6824
2231
4854
4552
2594
4714
9080
6571
8378
3054
2390
7293
1347
5889
226
3607
4323
6936
2708
3958
385
7104
5865
7426
6816
6008
5609
9654
9128
6392
205
2218
7234
3658
2586
4520
1859
6931
6196
4607
7139
1859
9897
6168
5992
2731
3215
5779
3575
6167
8507
8932
2923
7886
384
7678
3469
9458
2360
210
3306
177
9476
1884
6348
9947
4156
2758
3813
3151
9555
8313
4655
9413
7607
3919
8890
6170
2467
5387
8542
3620
6908
8593
1266
8227
4009
8313
2352
2287
1941
8707
515
9415
973
6712
7072
7317
5627
9340
8450
5863
4557
2296
7674
3401
8323
6350
9496
1947
9523
4859
936
392
2270
5863
749
3840
3003
9432
5990
1611
1961
9514
3811
9407
7635
9634
7914
860
9033
9114
3237
7547
1893
1153
4831
3272
2431
3092
784
5813
1588
2250
2706
860
1786
8451
4755
3183
4893
384
6632
7134
156
7625
5846
1086
4545
3492
2489
377
182
4993
7365
6167
7813
1137
6469
7849
2053
7604
1214
8196
1337
6639
8227
3713
243
1641
8330
3459
9338
4404
1046
889
1148
248
2467
1818
7530
156
4679
2072
9863
1099
5234
5254
7779
691
9105
4201
5270
7073
4237
3532
1033
3707
4488
7389
1186
777
6785
4116
903
7833
6167
4879
7557
209
9888
9879
1255
1141
9446
6227
4805
3917
8624
4308
8048
2190
9338
8061
1484
156
6649
3756
156
8848
3906
9489
6931
1046
9657
4823
4214
9278
577
1735
936
2350
4068
7540
8507
2624
1732
3029
6822
4246
2707
1277
9080
2186
7602
3539
4214
8349
1162
6719
282
3556
9072
936
8789
66
4365
2235
5842
785
8512
5624
4633
7302
8527
9710
2740
177
6880
3840
4593
1224
3003
6396
8196
5010
5500
2074
2360
5633
5288
5342
4617
9026
1619
2408
3763
3919
3683
5141
1323
1961
3050
5479
2893
4755
1149
2472
2488
9921
2130
2604
6820
7935
3840
2218
4229
7798
5710
7997
3075
5477
1180
38
8932
9115
3686
4470
8911
1153
3110
2440
8583
8860
251
947
1046
9140
7923
4961
7797
784
2094
6265
5741
9912
8227
4070
8018
7478
5297
9992
3313
7907
8145
9407
4786
2480
2499
5095
6286
1410
7798
8570
9578
8810
4563
5479
7402
6721
6936
6954
3666
554
4116
2604
6433
1113
3813
5895
544
5301
6620
3141
6981
1912
756
7490
2604
5301
8636
113
719
6190
678
1809
4720
932
3439
1281
6941
3086
7886
7674
3593
6202
1323
6422
1999
1142
372
1473
3639
3721
6770
7558
4827
2604
3974
7547
385
299
5254
1848
2740
9072
1536
2113
3811
5011
2159
1961
5808
4073
8994
2706
3003
1231
4557
5479
6115
7203
8339
3092
5278
5768
6247
8422
7115
8227
6675
2358
4890
9290
4042
9593
5254
4894
8312
1919
8948
8750
4023
7245
5709
9344
8175
6131
1753
6588
6870
733
695
2990
6034
5284
961
669
3894
182
662
5032
9371
8605
7015
3547
3991
7268
2750
6328
471
4097
2036
7936
4705
5254
4929
6721
5363
976
4195
3124
3582
3279
2999
9568
1174
1651
888
7774
5895
6232
6084
6979
3508
5044
9263
5312
5792
9790
3840
2100
278
8690
7849
8300
2708
9524
2354
5858
9398
8810
4597
1961
4506
5807
2374
6325
8147
9083
7659
794
8524
2706
376
1656
2902
6998
317
3065
4935
6649
8129
2604
2508
2869
3763
5889
6303
1893
1068
8376
38
413
8563
5701
8573
1577
5432
5765
2588
7539
518
5248
2844
3811
6785
2586
5125
8810
3788
2438
5951
6721
7142
6990
8711
6309
1879
1830
8152
1162
6023
7884
9800
1060
8508
1790
7079
4219
2640
5301
5185
9209
9523
7892
6292
9655
8937
2099
16
7667
8726
3064
1267
5014
9407
7963
2357
6988
7798
1762
4243
5880
8734
8668
9672
8303
7997
1761
4754
9897
77
9790
9880
7288
7729
2074
5271
1024
2459
7072
4826
385
7839
6929
5389
3485
6806
4116
6625
938
3948
6265
5271
3969
3462
5260
5085
7892
9680
1919
3563
9403
7089
5383
5747
3840
2159
936
9888
5126
2333
9499
1989
3130
7720
6167
7525
376
2388
1770
1742
8512
1787
5421
2100
1160
4124
187
9439
6355
2295
9012
1901
1651
8658
9029
8087
1274
4335
1008
3446
595
9121
8479
2352
8750
798
1901
2489
6037
3260
2218
5447
6272
3800
2202
9503
1334
8948
1127
2135
1162
4142
9952
5702
3192
1735
1834
9033
8488
3563
232
9185
317
5042
8939
8548
3739
2898
2141
4762
7418
4019
2080
8091
177
8122
6943
6348
1473
8948
4291
5301
2140
1847
3081
2856
8317
3189
5562
339
391
7913
2740
1961
6323
5010
965
2208
2811
4871
3894
3277
7893
3991
2716
7389
1390
2655
6577
3198
8840
3620
419
5987
926
4490
2016
5237
2684
3721
6784
1477
813
3171
6463
9721
9003
8248
205
8371
7612
3469
8680
936
3800
8784
5899
8121
3939
7072
8210
5835
5246
8296
5054
8373
7941
2401
3110
9590
4486
2172
5217
3840
4273
5301
1847
3297
8099
9128
4262
3166
9880
4751
6774
1916
2289
3563
1334
1941
5833
3482
8593
3003
936
1452
679
4102
1406
2993
4871
328
4116
2734
3439
8252
5126
9502
9744
4202
3198
8512
9521
2298
5016
9955
4915
5815
8540
8376
8603
4139
1389
7072
5274
4418
7709
468
380
7389
3536
9173
4786
7333
2620
892
2625
2401
5919
392
2604
5973
5905
4102
9216
2420
3169
7490
376
6392
5150
3588
936
3519
9879
4840
5583
6141
6529
5624
8227
9628
3508
9872
2920
4638
2357
1762
2285
8662
2740
2120
9242
3467
251
4411
4817
3267
7729
1740
8901
7183
7288
984
6167
4452
8061
9814
9957
7316
9839
1742
2369
2753
772
3539
6071
1448
64
2499
9955
8430
3396
3849
6721
9185
7905
9652
4402
7604
1760
7916
7886
385
342
1123
920
6414
7338
8917
3260
3518
2993
6816
9514
5625
936
420
5709
7897
9505
156
176
5095
5951
8313
9119
492
9301
5810
7426
9818
4961
3658
8121
3333
3860
8051
8145
7854
4048
5819
8668
5301
2372
4224
1193
2384
3262
3968
5832
8253
5624
554
531
2309
1919
2913
6100
6167
8487
9921
8184
388
7557
8197
2941
3305
1742
4576
9652
780
2023
2083
2718
4563
5673
6658
3169
5122
6885
2742
2136
4389
1991
392
5126
7234
2514
3549
2360
926
6468
4068
8810
936
372
7273
1954
89
4559
4029
8443
9820
2565
4557
936
117
1201
692
2489
9653
1267
6611
9880
4116
5736
4294
675
1662
3974
4150
8170
9004
8312
581
8020
7935
4827
960
5758
6785
6306
772
5458
1410
5929
4674
298
1802
8018
3899
2299
1919
2572
9245
8668
8759
1536
7418
936
7746
3881
8563
9242
441
8994
8358
7007
4469
835
2657
4456
1915
2358
1534
577
7072
2476
7829
2645
4705
822
392
8105
6625
9
4246
276
226
4494
2113
9723
8517
6167
9079
6304
1119
1062
298
6931
3658
1410
762
7269
5260
1656
3763
2820
2687
6057
9340
6873
9128
1644
581
6113
3624
1168
1847
2005
5346
1939
8542
3974
6042
5063
5125
6770
4615
6540
1396
2283
451
2169
5260
4966
2740
1740
4043
4285
3528
2231
3756
3198
936
5301
936
913
3630
4723
7809
9783
8507
2990
6029
3407
8939
1961
4607
3658
1248
4402
2418
2334
177
3991
875
4593
529
9398
7478
5833
5206
9186
5265
3165
7336
5260
6715
3050
3061
2078
6463
6222
4116
8451
7389
6637
6729
8448
8013
5819
6816
9128
7204
5432
348
7391
3789
2678
8189
358
8331
9626
5709
7634
4739
8451
6890
2604
1141
635
9303
669
3900
1478
4811
6100
5271
5126
2753
8677
8323
6977
9340
9879
8654
9510
1902
5011
974
9879
8469
7043
7612
2625
5254
5260
7081
5011
2849
9596
595
3486
4840
6145
693
9994
8486
1125
9911
3484
4615
6348
4929
9301
1632
3243
4375
6826
8249
8227
3387
4905
1591
251
6563
5889
2207
9590
3616
8269
731
2298
4116
9085
7627
5471
636
8640
7112
75
5990
1240
637
1919
1113
6763
3411
6743
4871
7560
2156
2958
5370
6895
9768
2329
4072
4402
6721
996
2652
3539
2178
5248
936
4452
9245
9596
9319
7951
9875
182
3843
2016
4408
7538
4991
3990
9710
1843
4156
4068
9317
3536
396
1915
366
1288
9440
5812
7785
8577
1742
1537
9852
1162
3713
2883
8519
6824
5758
7441
4919
5983
156
7729
2274
1141
5394
6303
2284
3639
6674
3444
2499
2844
8555
9071
9593
7389
3165
6400
9852
4300
9093
4615
813
9340
8323
7072
1059
4661
4116
984
5574
3539
6042
451
5627
8815
3003
1357
7009
7053
9955
3197
7892
4814
180
2018
5842
3441
936
2916
3216
4477
3403
6069
3442
1141
7941
3065
8987
6020
3165
299
2657
5260
9263
1961
3397
2991
5829
47
1961
2931
9340
8145
1209
3991
906
9079
4942
5563
2694
6824
9391
1651
570
4621
1931
8018
5006
8145
2428
4116
344
2377
8929
9862
4991
9921
4621
7976
4216
3442
8085
4817
8892
5310
5428
5173
75
9867
7346
936
6888
5844
4755
6168
6936
1598
9080
420
9186
7867
2143
3442
3974
2448
8748
3840
6113
4452
7127
1961
7027
6442
6167
6931
5081
7557
4872
2947
1245
5758
2650
8685
2706
6196
7790
1274
9869
2595
1961
8427
3282
5889
6256
9921
2716
8432
4929
2967
4116
8303
9656
8670
7043
9404
1711
7256
4871
1023
4329
555
2418
3721
1919
2641
4077
8061
4942
2945
9340
4134
4150
9110
2122
4202
303
1409
2060
2571
753
2080
6721
5430
3261
3259
3050
3227
5389
8802
1915
5438
5220
4980
8330
1591
3615
4611
8145
7535
6310
5254
182
6583
2159
9814
2706
4124
2494
3056
4693
9879
7884
4685
9941
6882
8964
6721
3840
6037
4534
3608
904
2418
785
4667
4110
1848
1231
1223
3249
8774
6370
5627
6232
2549
1790
8061
5198
9338
5301
6222
8371
2336
171
7102
6442
2019
6190
985
8811
9791
3840
9919
5587
9290
320
208
2221
8013
5423
6911
6719
1023
1148
3380
6883
8810
8819
595
4866
5127
3855
1020
4653
3763
1794
8455
2467
5480
8196
4677
6846
2707
3840
5842
4006
75
9121
6951
7914
7671
6603
9750
8668
1046
1822
7187
8898
9955
2706
6817
9844
3439
9152
5874
8274
2182
6423
451
1661
1323
936
936
3076
1984
777
5815
2990
6620
6265
7499
2042
4287
8383
3785
1288
4839
4104
9556
3806
8272
8970
6380
376
5516
5458
4993
7893
7355
4009
2195
3580
2221
1848
4099
2464
3215
2929
9017
8145
8953
6125
1459
1749
1396
249
3763
3218
2933
8248
8145
3943
5369
8911
4970
9995
2222
2667
8455
785
8236
9805
4714
1809
9739
8323
1628
8248
4162
7177
8252
6893
4099
7884
5597
4899
1919
6547
768
1197
9234
2920
4009
6870
6167
5951
4243
2604
7829
7221
1901
8810
2634
7253
7229
4477
6902
9138
3833
8175
7594
3825
4445
2654
1614
714
936
3658
2130
6167
5895
4785
4310
8023
3549
9191
6276
8658
3092
2905
6721
5383
16
1961
936
4858
1954
9413
9233
9514
8815
1119
9741
4151
9832
446
5260
4240
8928
1769
8323
2296
9448
8696
2452
8707
7867
6590
5889
936
2855
710
2296
5768
5188
9955
843
2299
3940
960
4116
6842
7220
1919
4079
9814
4698
936
5380
9165
5383
3107
177
4597
6301
1600
7427
6167
6707
649
1386
156
1919
2991
8448
6526
7389
3943
4290
392
8615
3683
6809
5771
465
4942
9282
5388
1565
3228
913
7982
9879
7844
852
7465
1193
3095
5806
7182
6271
3563
5975
2998
9275
2874
2851
2828
6147
8563
6620
6520
4827
9242
3003
5274
4116
2083
3952
1148
8729
5880
3840
7119
3110
9758
2605
1304
301
5018
1065
2120
1141
9055
5480
9968
2354
6190
8690
7212
1742
3537
6037
376
8810
5500
5790
9921
6822
2159
6272
9346
2661
384
7113
5492
1281
7779
1542
9731
3637
5929
3537
8536
3563
9242
9267
3171
936
6350
4531
2625
7174
1834
2798
2467
4248
4081
3637
1778
5160
5301
9504
8196
5795
3227
1950
8320
8176
4978
5737
697
2844
3918
1388
9091
8917
6531
1153
7618
2178
8200
3713
3877
385
7150
4662
2778
4917
4557
9417
4592
7898
8826
3539
5260
1828
9994
2581
3110
6507
7512
7049
7767
9340
9511
6167
3713
1652
2650
3775
1961
8608
4389
5673
385
9087
8636
9807
8052
9787
4118
1372
9839
9165
9340
936
1919
3975
2472
6603
3439
3048
5011
6588
8170
6202
3209
8209
8323
4125
1240
8373
8616
4118
9114
3699
7716
1364
9407
1197
5271
1219
1141
8648
4873
5274
313
3768
7426
5286
7750
3730
9216
2960
6763
4029
889
9087
3082
153
5433
8091
9502
6923
7056
2933
1413
3923
2657
6098
5135
6707
936
936
5525
205
320
1919
5409
9596
5951
6990
3538
5231
2169
1689
4685
7217
9340
9879
9340
6515
3840
6603
249
7494
554
5458
4961
3899
1961
5807
4488
6809
50
1061
239
1076
7615
9428
6303
5728
689
4118
5741
2467
1162
9263
1847
5175
6707
9517
44
8819
8227
1915
4739
5393
7242
6167
8355
9413
5291
3016
9026
4019
5312
2024
7674
4724
6238
2874
7997
7668
6663
4285
813
2507
2855
5805
7322
2160
8586
9013
4164
9502
8594
8303
9919
9072
7173
6811
5127
4279
376
6883
7912
8272
1410
1614
3599
6046
2643
234
7374
5095
391
2345
8892
3924
8455
5260
5962
1476
174
9684
3860
5217
7971
630
9504
5126
4793
2116
3469
5521
4127
939
9656
2791
3524
4061
4440
5430
868
7398
1682
5511
385
4110
4389
3921
4633
2299
3460
2668
2107
7833
8061
9417
2284
4010
4597
7990
5399
6167
462
1689
8487
7469
3029
1791
9949
2283
9642
7078
3324
6702
2179
8312
813
6564
3261
2887
6468
7273
6954
6998
1910
7557
4104
6803
431
3524
7829
1961
7745
5084
3277
7111
1916
9514
5271
4874
2702
7779
8377
8261
2296
2706
6113
4776
4555
9576
831
9071
8704
5254
9939
1076
8685
6197
2948
4386
5389
6202
4597
1141
9955
3267
7047
6868
9955
8912
4720
9620
9185
570
8725
6238
2296
4615
4388
6027
772
7098
6218
6167
1577
8323
7281
936
3840
8994
7786
8350
3198
8276
348
1119
8994
9340
4104
5554
1815
7316
5329
772
2150
2581
9584
7389
5575
6705
7418
226
6222
2354
7628
30
9072
4805
251
3775
2185
7063
2910
5075
5126
5929
5992
1099
2563
5480
2998
5909
4300
4827
1793
2798
3739
6071
9517
9818
2386
9216
5346
8957
5716
3508
9952
6347
5019
148
884
1153
3881
5126
2571
2124
9253
555
3272
1123
4297
9905
9968
8025
6012
230
4791
9808
5428
6265
9942
1068
1867
2396
9628
2740
672
4156
6342
3759
4394
4486
7716
5685
404
2993
713
9446
3054
9186
4782
8147
156
59
3912
1274
3441
1919
2740
249
3486
9739
4282
4091
5859
8339
9165
7365
6762
1632
554
1961
4733
1231
8331
9899
4874
6795
9815
1148
2604
8570
2960
9652
3776
9910
9117
5388
2998
2200
1337
2172
3713
9369
2459
2515
7948
4582
4949
3599
9642
8991
7607
4359
3539
1752
2798
8502
3150
7884
8662
1790
1123
5815
9407
6514
2414
3415
6957
3612
5188
435
6321
354
7968
6418
495
7288
2080
4969
888
3121
4091
6403
8023
1416
7523
6553
8790
2819
3704
2428
299
729
9413
5120
9482
1690
156
6884
6933
7269
5274
1369
3459
6939
7667
5696
7779
1912
656
4108
7773
9903
9126
8382
2604
5387
339
9919
7886
2998
1760
339
6396
6977
6012
7514
2706
1774
9813
8379
5919
542
59
4714
3840
4303
5482
7635
171
5312
5271
7465
4827
9110
7430
863
4557
260
3915
3459
5428
1050
1611
2813
7490
4720
5803
2056
2010
4091
2113
1542
4599
8460
7779
8810
2581
156
6931
8912
5765
9960
8707
8061
388
2588
5642
6167
4744
3092
8371
749
7902
649
936
8810
2286
7578
1919
7829
5467
1693
8302
8061
8892
3840
6721
472
9185
2059
156
117
2160
326
4003
9960
9800
2708
772
9105
6620
205
5660
8061
9422
9962
4290
3428
1591
1410
7849
8948
5254
5084
5895
9105
8210
7231
3840
5301
9097
7374
4871
8615
3539
1936
542
5126
5819
6880
9834
9413
3183
9645
984
6265
6532
8607
3110
1178
9865
2958
5254
3364
6369
5471
1637
4175
2377
2507
1999
9921
4685
8451
4294
3539
7365
4334
4929
393
4867
5829
8948
2657
9309
3327
5070
9627
2750
385
95
4274
3840
813
1623
6370
5089
8018
6243
5575
5286
6886
8948
5752
2684
5809
2190
4379
9413
3763
1381
1941
1083
3619
8100
4056
4714
4757
7916
8432
920
6304
5095
1961
3500
2855
3556
117
8252
9340
5284
4681
2139
3479
7015
3169
1876
6741
2471
8453
3593
4621
2036
3800
9784
9502
1353
8948
5237
5465
4757
8661
6762
9303
4648
5895
4615
710
2587
6770
1591
2958
8261
156
6135
1042
4598
5387
7729
8662
6167
2880
156
4015
5821
3077
1337
9201
8824
5575
39
5618
1656
6468
5625
5387
7288
1919
822
3811
7360
625
5125
5387
7217
3364
9921
4116
1790
1288
6782
2604
5479
2771
3697
9165
7288
6770
16
1788
6304
1274
9623
5177
3189
5627
3658
6565
9340
8810
755
8071
828
1742
9110
4964
6222
6988
5455
7633
2855
2234
6931
5835
6307
9121
399
2778
3968
1848
765
7625
228
7389
8519
4027
2604
5843
7654
205
1556
6675
9504
2499
544
2463
3479
6936
7253
3283
9252
6835
1641
3003
9413
2750
9535
2667
8970
66
7893
2163
4639
3658
2719
4116
2163
6814
1854
8911
7050
7949
8728
2657
1183
2587
7242
3840
3252
5936
3478
9340
2301
3536
8427
4081
2948
2876
7465
9776
1296
1141
2871
1060
8199
1011
6721
3658
1735
8994
436
465
2113
3282
1849
6885
42
3380
8175
4757
6196
9870
2489
9303
1504
8303
8799
9048
8049
6889
4743
1109
9967
1666
9340
8563
9506
5126
3840
7600
2682
6675
6057
1848
9880
6037
3840
2802
2997
4964
3079
3189
4545
6943
7389
8311
6934
7635
6184
6371
5479
5346
5126
1577
4607
2235
5363
4214
6770
5430
6167
2253
8985
2997
4284
5338
5744
237
7893
4615
2838
7535
5324
4733
5260
9879
4587
8563
1274
2188
3962
8252
7935
3171
1271
6414
2871
5874
5284
205
4978
4282
376
3721
1049
5639
6325
691
156
4757
1954
1632
6556
3003
936
8121
7745
8105
8933
178
3780
6098
60
5318
5388
3632
7578
523
2019
5387
4
4075
4023
4116
4283
1420
4724
3965
5075
2913
7523
554
7007
7196
5895
5949
7714
8488
2925
9013
502
9301
2918
5808
3803
7043
3658
1153
1058
4982
9114
1368
9340
3421
6890
1023
6761
9407
700
710
1552
1694
7256
6854
399
9407
2471
2218
1514
8270
9390
8427
8248
6931
4116
9253
8652
8455
8810
5639
2952
8286
9340
9395
4214
9611
6514
7469
6891
5835
3713
2905
1577
3110
5724
1358
823
1629
2441
2665
956
2606
3840
2565
9917
5554
4700
1141
9413
4910
8580
9242
5388
3486
2354
1651
4434
8573
5237
8465
5889
1377
5254
8860
6880
4727
1853
5780
3260
3580
1744
6042
936
1141
8371
4663
9080
7523
5819
2682
4252
5750
420
9502
5237
1506
1884
1428
4116
7886
404
8709
7063
9874
5053
4003
7229
7427
4827
9511
5388
1026
540
5363
8382
9174
2036
3171
385
4116
4285
385
9960
9626
4354
2706
3238
6448
2300
5458
5468
1689
6936
5843
2010
3948
9245
6236
3189
3072
7849
260
1281
1742
1470
4945
5481
6594
7126
4755
4214
1153
4422
6891
404
6479
8378
2298
9080
8996
5373
9483
2553
7150
3238
2298
5125
1926
3580
7244
5170
3770
1625
385
3114
2856
2563
7834
2011
9994
251
5193
7741
465
4043
2920
1303
7058
2903
9153
2489
8802
5940
4116
5387
7389
4125
6265
640
6693
1919
3907
3037
6603
9962
3267
5998
7935
8064
8235
7475
2298
6320
4964
1099
4452
9432
2300
5075
1915
9962
5464
7735
2360
5271
9514
2298
7041
5482
2549
6028
9245
7557
4724
6785
8382
2358
2059
157
7288
2374
7886
3006
9921
5394
4633
8061
6576
4116
5889
7136
9781
5373
8563
6835
3527
4575
2354
3077
8312
4116
9814
5297
7324
5271
1148
1473
9653
9955
4415
6553
9051
4147
4698
9231
3003
156
2157
2354
5528
65
16
2156
4607
6761
10
9736
2609
3856
1033
156
7970
7914
6363
6272
4871
1621
2574
7066
8662
7634
4379
2871
5238
3171
9129
8261
8779
9040
5108
669
95
4416
5710
8435
9033
3825
5458
4216
5981
7104
3485
6620
4615
9879
8748
4617
4150
7766
5297
2960
3537
6151
1961
9317
4717
9305
8750
7005
1683
2221
1793
936
9968
9761
5803
156
4685
3960
1727
7694
5895
608
1847
9652
2157
3355
1940
6770
8698
249
5676
7072
9847
595
8512
9214
7913
8469
3810
8200
9852
3965
7037
2713
2351
9962
8555
9054
9154
9656
5098
8668
1919
1770
4896
1742
4282
3571
1413
8860
5880
4323
1476
4451
4662
3777
4006
726
8261
2706
7426
6774
5291
6218
8108
5166
9110
1915
4237
431
5663
3894
2159
4116
1142
2182
2005
1979
9128
7456
6442
4685
2706
1700
3805
2284
1446
9596
1770
697
3994
8312
3537
6455
7672
6540
1396
4104
3763
6486
2107
3283
1187
5832
6770
3992
3198
584
3003
8570
1847
5301
4300
8196
2902
9165
1021
2190
719
4116
8704
7849
720
8515
1
854
1919
1919
2864
2274
391
8383
9003
5387
3191
5195
5859
5479
5500
6771
4980
5081
1008
4625
7504
678
3054
7973
8284
6000
8058
4615
7064
8901
5744
7041
6715
3860
5815
7459
1214
7127
3297
4329
2218
9340
5955
9087
5126
1365
1961
4552
95
4982
3598
4308
8382
7957
3658
3024
6715
7115
1854
4866
2036
2991
2856
6870
3003
9074
9417
3035
6026
9859
1675
3216
8295
1179
4827
5126
7173
6770
8128
5072
6647
3539
5271
3173
939
1927
6649
2284
4216
8901
7612
391
7242
3918
2336
9398
1274
9013
8149
3539
2345
3900
4488
1806
146
6167
1459
1267
6649
889
1381
8911
4939
6649
5301
6929
5050
1410
5164
1153
1165
8013
4486
6365
8750
6563
249
1141
8018
5126
5726
5929
5000
1919
4458
9968
3401
6547
3272
5748
5716
9290
4621
4832
1424
7785
1695
3532
3705
3445
9006
9510
1141
4116
6361
4727
6809
6451
6596
4379
391
5625
5877
4116
8616
3575
8121
4116
2195
6288
3363
917
4287
1410
385
9939
1462
9653
7622
1472
9553
5387
3972
8419
2832
9912
5458
7829
936
5915
1984
9340
2657
5301
2540
6192
8987
9340
5985
8994
2480
115
3840
9502
2472
6887
3713
1170
4093
9571
5499
4757
9864
3228
5228
3705
7951
649
2036
7753
6830
251
8563
1222
7242
9888
3054
4510
828
768
5126
4607
3860
451
7050
2036
8182
3141
1350
813
1556
4530
3991
5254
9080
6100
7786
8350
6721
2251
3635
9584
6325
8972
6257
9912
9403
2706
6789
404
1149
1116
610
6497
391
2800
3893
3267
6547
4291
313
7072
3363
6770
8408
816
2874
2804
7821
7469
936
8892
4615
3207
8535
7523
875
3843
1141
2270
662
7833
4246
6213
8145
3977
5126
6400
8427
2059
2874
3929
3763
4116
5301
4443
9110
5728
8382
9593
431
9652
5863
404
2855
2156
4757
5495
3327
1815
451
5330
1782
8382
9340
348
2716
1099
3588
6809
7886
307
1961
4431
7667
6721
2273
4757
3075
9789
4563
4552
2942
6090
4793
6824
240
3710
3389
5895
8162
1950
1042
198
5463
1119
6306
2604
8355
4919
8383
7718
4621
8378
3107
2920
1409
3003
454
1288
3381
6954
4006
395
2418
8098
4043
198
6675
2708
1402
6721
1961
3198
712
2657
5301
1800
205
385
8561
1119
5710
4511
3721
7276
4964
6265
5575
8341
3905
6113
750
9593
3947
9124
5684
5676
4961
570
5992
734
5428
6586
7625
2958
1902
4498
9585
5321
6547
8058
281
8815
6222
5883
6013
7389
1004
6927
75
9652
2766
446
7874
1064
2998
1410
9804
3355
7986
4538
8939
7566
5841
4755
4724
3333
9406
2960
3615
5945
5206
9038
156
2074
3016
8199
9514
3203
3598
8145
7371
7351
4771
8894
7108
2753
3215
2920
5463
1681
4787
7418
7849
1848
8652
8227
4000
5103
4615
4087
4116
3396
1794
6675
4375
1365
5409
3048
2080
3813
5063
8731
404
9955
5260
5460
2716
2844
4662
854
6939
4757
8214
5188
4733
7418
4618
669
393
5271
3954
6380
9186
784
2120
8685
19
8569
1153
7113
467
3869
9803
5560
5832
6824
4671
9714
9121
3364
4335
6763
2918
7427
2798
2384
8856
8608
3050
6763
5403
1759
5895
1770
8608
3323
3207
8288
442
3151
2993
2357
4625
6037
3877
3571
4500
6824
9413
1099
385
4639
3486
5694
7128
1149
683
7150
996
4414
4081
9937
8383
2010
468
936
2707
7716
7113
6470
7256
6680
7182
9870
7081
5271
3282
8210
3003
906
7253
2436
1641
2921
1614
5255
9186
8583
8383
3840
7253
2418
8883
1591
3571
8038
268
8164
1474
5633
4551
6715
2532
710
5219
4477
9080
8838
2706
6820
1848
2583
530
1919
2957
2604
1229
1788
2502
9968
8907
175
6167
8810
3381
5173
5010
8750
7390
7253
6468
4419
2296
7886
3896
4977
8734
3467
3311
1479
3396
984
5401
7290
3800
3735
6620
3902
9417
1117
1919
8448
8616
2471
1742
31
3840
4075
9957
936
5685
3583
7506
2588
4095
1738
9340
7324
8182
2296
3994
9121
9633
4246
9818
3991
2625
9870
2170
9106
226
5685
1368
9975
2795
8570
5554
8616
5153
3
7136
1790
8312
6167
7849
6433
5533
8648
615
385
5468
6367
7253
1222
3840
8071
387
5342
6321
6160
6023
7665
163
7710
4323
1735
59
1213
2798
7798
8563
7467
5312
2944
6908
7558
8995
8810
2507
6908
1473
8640
385
9593
9255
2739
640
4874
5703
5301
1252
5467
1357
9004
5976
5042
1619
595
7450
8200
4743
1480
9128
813
8631
1274
7064
1979
8570
115
5951
9340
7072
6590
8263
5271
1413
3459
8185
4917
2813
4027
2706
2221
936
503
3093
5463
6265
4755
6691
1148
7557
3974
5625
5735
7729
9006
7983
3624
936
59
6267
1197
1651
4385
5720
186
468
4961
5393
9628
2471
6936
4486
9041
1770
6764
3209
3539
7844
4535
3593
7839
7889
704
8605
4061
7490
9552
5843
5390
3038
7930
5346
8382
7288
4755
4982
1474
9165
9185
8175
7113
710
1372
2588
117
1472
4703
936
6893
1926
5219
6282
101
4290
4534
2345
6238
3704
342
3877
3459
2362
9390
6824
2657
3261
8556
7798
3536
3506
936
1848
7387
5533
5172
3754
8383
2532
4980
1142
7113
8785
6071
9879
7893
6515
384
5053
4691
2967
836
5736
5993
6414
9957
9584
2723
1020
1961
4685
4116
9305
7883
8382
2625
5992
868
8052
2929
2430
6098
5260
8911
3972
2471
3389
9502
1752
8951
9138
2749
2078
9482
1910
3557
9952
3896
4617
7892
1102
8451
2604
8383
734
6265
6303
6205
436
936
5889
2530
226
1141
8272
8994
7558
6255
9299
8145
554
3198
2628
7892
4809
1807
9879
5533
1601
8555
3991
95
3658
8435
883
6544
6370
8634
36
3473
3277
7009
2036
6407
6759
7514
7618
9790
8563
2103
5753
3216
9183
3658
9757
9234
3346
906
1191
1219
7949
2103
8970
9944
4691
5984
5552
9152
8313
4116
7253
4375
6977
4676
3515
1961
2530
4294
5393
3171
2625
1474
3171
5412
1939
6868
2841
7391
9879
3020
8426
51
9080
860
6691
892
6403
1961
5126
5732
8748
9370
1148
1806
5126
2740
2003
5741
2042
3244
7196
4836
95
63
3618
6545
2719
5633
6469
5260
6746
4711
3925
371
1407
8527
8000
3948
5685
4590
3358
4755
2488
8910
6824
4116
4300
2010
2116
4872
9993
3537
8899
7397
6571
1356
2298
3003
5832
9653
7753
6520
718
7389
4621
6699
1874
9289
1141
9839
6761
3840
1848
991
9879
3885
249
5832
5132
6282
1961
3974
8261
4700
984
16
8383
3228
6167
2161
4993
348
8323
3327
5363
6468
5685
3462
6993
9340
6556
2036
822
906
2958
9158
7376
4703
7000
7884
836
16
2687
693
2828
768
3881
633
6931
1802
3616
9586
1939
8810
5467
9340
3912
2428
7469
8892
1635
1961
3608
1647
3713
8383
1902
6265
2134
1991
3459
2706
1296
4595
5474
1357
5575
8616
404
4604
3051
5468
6877
2532
8045
6442
3198
7250
7389
854
3943
2916
7199
3151
1961
9593
749
2921
1747
5792
9184
4285
5625
5093
2447
6620
288
6046
5985
2998
2647
1848
9968
9252
7473
4226
6848
3207
2604
2187
7935
726
1148
8970
2440
8072
7963
5480
205
1877
1919
996
6820
8774
2360
936
404
3793
6037
2292
6098
2967
1240
9836
9839
8772
4617
8036
5863
2625
8849
5188
456
3061
1847
4903
4116
9539
2604
2798
3625
4628
7064
6553
3259
4118
6131
2352
6666
2706
4757
6463
1024
6117
9645
9027
8331
4452
3363
936
9183
9489
4858
5702
6535
5283
5482
5254
1303
5246
7430
2354
9413
4765
2197
9128
1009
6446
9072
3811
4075
2693
4720
888
326
6603
1859
7253
5655
6547
5271
2248
8313
7778
4283
4720
1742
2024
5383
6880
9253
3840
9891
3003
4300
7043
3906
2061
8668
3267
9511
4927
77
412
8121
8341
1551
4755
3121
7267
7079
2636
1647
1418
145
5409
8786
9696
4885
3441
7396
8130
1148
936
4365
5880
7389
3385
563
813
1783
5057
710
380
3189
6552
4980
3571
6551
3539
6762
3637
7371
3763
4239
2170
7389
3977
9063
9293
669
8793
8197
1142
6785
3537
3381
7804
5271
1211
5998
3639
1288
4116
1641
3236
4116
156
6568
1747
4519
8995
542
5685
8313
8297
1862
6979
9775
1115
349
7259
936
1062
4677
6446
3227
5765
1915
8253
8227
2218
3490
4375
5210
5625
8645
1016
8856
3974
59
595
5388
8553
2441
2581
722
144
2813
75
4243
6167
8504
1919
6265
2817
9921
5383
5237
5260
4881
3410
6146
2258
6873
7531
6770
3479
752
1901
8702
5951
8998
7886
3227
1999
2161
906
9957
9343
5951
8426
9417
7678
3885
5312
2298
166
8371
465
9605
1142
3411
9340
8383
5298
3763
6101
4294
669
385
3667
1759
573
6566
9413
156
6222
4091
1939
3327
2540
451
8121
3696
5346
768
3666
5010
2652
4841
1690
3003
8285
1141
2798
177
8340
8453
7490
9511
4073
7469
9499
1612
8475
6611
8176
3324
5500
9093
984
7773
1443
7986
9880
8615
6147
9026
8810
3940
1232
454
1821
5127
4150
4539
588
2604
3654
9967
7389
6092
637
4787
8121
3762
4097
8896
6603
9955
3429
11
3267
8527
1876
6563
6880
2225
2572
2371
2283
542
8296
8790
5271
1029
1228
5825
1871
7520
8371
6785
4583
3713
8939
544
174
7117
3991
44
8450
3337
9253
9024
3862
7201
6880
7602
3763
2583
5895
6167
936
4854
365
7288
8932
2490
5159
385
5117
5190
4941
1926
4116
2333
3285
5458
1202
8924
249
906
8475
2940
3439
7686
6265
395
8615
9278
3428
7503
3442
1084
8810
9289
1137
5312
7426
2740
2467
1919
1447
5479
2563
5779
2667
6660
7072
936
7886
4693
9013
542
875
354
9040
5180
4857
5533
6190
7440
4596
3658
5850
4221
9080
1172
5633
563
5301
3125
554
9121
584
8315
2957
2334
7289
5829
4615
207
3252
5841
1459
3908
3840
7336
7607
9605
5433
3942
9371
996
339
3134
719
7815
3331
9813
8018
6265
6369
317
4527
2116
4290
4762
3637
358
7625
2366
8853
383
3486
5493
1396
9087
3019
722
6000
5936
6681
3450
9269
577
77
1857
3411
984
4755
6310
1793
508
3994
8426
6813
2100
5000
919
7316
9830
9517
3024
8810
2625
6305
6728
8100
1623
9106
1035
8052
4127
8810
9080
3048
2581
4000
8313
9080
6674
222
4116
5388
4755
5682
3763
3401
1147
3539
156
9514
5625
8479
6708
5285
3811
1016
4011
4517
4290
1364
8693
9955
8361
2440
6891
2248
1178
7528
3840
2190
6255
8339
9993
6520
710
289
1118
5260
6721
6880
2218
8710
7009
6674
5217
1046
9928
1589
4964
8648
913
5312
1961
1073
1310
8061
2283
752
7273
6213
3573
1683
1141
7720
1141
2581
4615
5098
8653
8583
3683
9655
3794
3656
95
3903
2036
1848
9063
3110
8873
1473
3173
4964
3253
8248
3519
3696
1337
1790
1102
6770
4685
1141
8441
9898
813
7627
3713
2864
372
8964
9870
9303
3991
6811
5471
1473
5346
7072
5619
8690
6763
9520
5301
6204
1961
6054
9869
2549
5479
416
4423
2199
4164
2920
4934
1188
9159
2918
734
5000
6084
5905
8329
2385
6908
3571
6721
5301
2740
6128
1008
5990
5663
6620
7602
7675
4520
3333
5843
7751
5581
4720
6167
4929
4219
9571
2059
648
9413
6707
3173
3528
9552
9186
9407
6707
8810
5297
2817
6069
1141
4966
5342
4757
7371
5090
3968
2902
5709
3840
8647
8039
8320
3639
465
4238
3739
8748
3538
5237
7767
8235
5895
640
4216
5627
8432
3840
9148
5383
7253
5125
436
4757
6167
5735
2702
1303
7884
5297
9371
1583
2050
8668
8334
7494
4557
3794
2489
6770
5195
3889
1228
5795
3789
4021
3455
4607
4019
2604
3261
869
5774
4714
6362
6726
552
6893
6674
8302
9340
7484
2581
7244
1574
101
1004
7229
156
348
3439
1148
4262
734
8662
6830
2604
1617
9407
6320
7144
2920
7064
9234
5998
1099
7418
2997
8608
3806
4720
2414
9428
4122
8248
391
9639
6675
2352
9093
8707
6712
7418
8331
6824
2345
2059
9689
3991
404
5303
8625
8023
3215
5159
3396
4153
2010
2817
2083
6936
6122
2224
8785
3486
674
5160
615
4519
4451
75
1151
6442
8550
5089
1716
7345
1364
6062
1153
2188
6931
6400
1213
5676
7478
9596
8951
3441
8355
1769
710
3539
5936
6596
5744
2441
3788
6848
6721
4075
5383
2706
5126
5859
6392
3261
2467
752
9726
16
8987
936
4928
7043
1570
4214
3019
5575
4974
8432
3592
5301
1747
8994
5198
1356
3169
7376
6647
8487
5659
5835
5274
5747
3806
4755
9626
8901
2022
8456
1961
6824
8145
3134
7948
6535
8707
2740
66
2346
3639
9054
1410
9576
9750
9971
3114
6783
8061
6304
1961
8421
4116
6663
9303
5787
4550
6797
3485
288
9675
245
5059
1668
5990
1504
9878
5832
984
8987
9571
7104
115
274
936
9053
7182
9357
5095
9852
4942
5480
9340
5480
7072
5471
4613
9655
5221
6308
9879
8512
3818
719
5301
3994
1275
3363
5480
1173
8432
8550
5390
6542
2997
8427
4954
9639
8810
3227
1409
8792
9138
1009
8320
4116
7150
1740
4363
5175
1119
6236
1783
6568
5373
9340
4043
936
8512
5126
3840
4884
4294
1929
1141
2019
4644
3092
4287
226
1148
2990
2471
8184
5895
3690
3934
1260
7338
3439
5776
9839
5254
3658
4596
8907
875
1148
2604
7523
7298
7063
9944
5050
2325
4755
5895
3054
1770
8272
9623
710
8544
9140
9761
620
5562
6763
8087
2993
6693
1337
1436
1383
9952
5260
5889
5126
8432
2472
4110
8288
1583
2414
8608
2357
4116
6000
5511
4009
648
3444
2024
6325
8648
4019
8383
260
1119
8120
3401
5312
9850
4402
1894
6604
9301
1769
1436
9106
3092
6325
3710
1058
9605
385
2687
1961
9994
7182
6272
6547
5709
4716
2571
5895
6808
7626
9847
772
936
4329
973
8826
8555
3826
3892
8475
8010
1189
6707
2507
9800
6478
3953
7730
5284
1591
9340
4628
6451
8488
3658
1926
5312
1916
8750
5709
936
850
2284
6366
4091
2059
4116
8615
8563
3633
8957
5388
2293
3588
7961
9606
1403
5768
2933
4856
8079
3741
824
8195
5807
7174
4201
9013
9340
5625
640
6663
6743
6572
3459
1396
4757
2080
2851
5108
5471
9931
5352
3843
1916
4116
4917
9080
813
5554
1919
4023
4899
8682
4859
5951
984
6167
9910
317
6167
3363
4228
53
9234
404
2357
8933
7398
63
1383
9536
9080
2657
9413
3539
3990
339
7166
7459
3215
1961
2090
113
3840
2414
226
3947
669
4929
9390
936
9514
6667
5970
6451
389
4362
5035
6911
9161
9186
9395
756
5102
6770
9040
8563
2401
4323
3125
9805
6241
8212
1303
3215
3840
7568
5615
5728
8128
7935
6520
4754
3297
7892
688
1500
1926
6867
3713
4262
4116
1430
7667
7588
3761
6274
9504
759
1277
2113
8948
1141
6649
7920
9546
3283
5480
4063
2706
7418
2464
2706
9105
762
6890
3206
4880
1334
2572
399
6371
3659
7514
1255
9832
7967
6763
932
936
1901
1396
5615
6232
9652
8395
451
2289
1023
3658
7263
5388
2625
2982
1192
938
913
6547
8860
6915
6696
5716
3163
3002
9216
3742
9432
9870
6674
6314
7063
6507
9523
3490
4664
6265
3616
9580
3713
205
3730
3158
3580
4362
1099
6923
2990
6276
8052
9079
349
9080
228
1141
6891
5003
385
8605
1470
5219
2284
9723
6318
615
6248
8493
3884
7520
5466
2549
9931
2604
202
5747
4300
2588
5095
936
1577
1961
1012
9546
242
4075
7255
191
4595
5841
3092
2221
4783
9584
4422
4582
9852
6562
7612
5274
869
3121
1011
4246
1770
1091
1847
9110
3411
8615
4894
1961
8145
3754
5370
4874
6526
261
9879
1488
3157
3894
4486
1473
3537
2957
511
5159
9483
6970
936
6321
2022
7397
3900
5035
1681
4511
4720
752
8320
5702
9071
3786
4118
7436
8135
4246
5387
7145
2157
6721
8556
2476
8488
8429
3571
6632
3277
6576
7753
4683
936
906
4755
5042
7901
6999
8512
9910
2133
2300
531
5095
3238
5542
7641
6857
3596
8201
5254
7150
153
7735
1584
1141
943
59
6767
6270
2027
936
9289
9821
3003
6675
4075
5691
477
7798
4116
6069
4182
6252
9340
2036
6166
4759
1420
5260
7448
642
1099
984
2530
8685
4287
3383
8949
9340
7635
11
7997
6693
936
5301
5132
6693
4632
2354
2161
1000
4019
936
4700
5504
6666
4725
6042
8312
4602
390
2428
5861
7523
5495
2546
1793
2968
9340
2941
649
9275
4698
9880
9026
3486
8883
156
8563
3951
4009
6743
9063
4019
5859
8098
5412
7886
6257
1303
9832
1334
5795
5554
8230
4042
9124
391
4633
8227
2642
3679
2813
7548
6247
1822
7139
4757
7889
6104
2763
2438
8685
7371
4300
451
4116
5053
9800
1894
3343
4443
8341
3165
3663
7009
8774
3716
2588
6048
3840
5388
8297
8227
6037
6675
3877
4610
354
3110
3639
3608
7418
984
3765
1099
6899
7794
6449
6037
3282
1441
1607
3954
8899
5291
2059
1094
6265
5601
5889
9083
7113
1915
4443
7763
4781
4755
5709
3840
3539
9833
1727
4929
913
9399
9186
2749
1336
4235
4531
7365
3537
4533
2740
8227
4872
9935
1046
6098
518
5042
6675
6167
5625
4701
4685
8873
3646
1020
339
6770
156
3441
2414
1526
9502
4214
385
5301
7948
8261
9340
7889
6327
6819
4599
2489
7090
1026
6081
8648
7886
7332
1742
8383
4029
9457
2876
2080
615
7444
2507
7056
4104
4239
3536
8901
2300
6238
5495
2864
2283
3599
2300
3054
4929
2856
3003
6167
6886
6970
5227
8261
9529
3198
9790
697
5744
4116
2571
6596
5115
5495
9413
8217
7893
5815
444
7465
4755
4116
4418
4389
6227
9552
3096
7050
3571
1857
1153
1803
2354
9867
5388
906
2848
1683
4287
6321
6488
6867
9092
1232
6785
1153
9253
5639
2582
5098
5797
4026
936
4116
2969
2352
6520
6529
4082
7072
9305
8871
6674
4243
376
488
1373
38
5639
2308
4461
5779
9250
2137
9269
6041
5482
304
3840
4544
6577
3991
8383
4717
6811
6270
2606
1689
1983
7886
4964
2892
4486
8779
9790
5841
4298
1915
7066
5863
4685
9947
1583
5980
3756
4755
420
1277
8182
3811
3352
3658
1790
9521
7182
4856
5346
8662
1227
2166
7267
9514
5716
180
7926
243
5471
4621
9867
4146
5737
8603
9191
8878
529
6098
3683
7951
1742
892
2418
8710
4812
9190
7302
2604
2817
1479
8331
8210
875
7833
1960
3171
7256
540
3887
8175
6675
4727
3425
6205
1632
6937
749
7523
4420
7172
3570
8964
8222
947
8363
3803
1847
2563
6880
9949
3255
8312
4644
7941
9071
6960
9110
2920
816
3833
9586
5432
1659
6824
3894
8707
3539
3179
674
4545
6620
9289
934
7523
321
6423
5225
8802
2284
8643
9546
8681
6699
6820
8970
888
8209
490
2492
7663
3598
9407
8742
313
6931
8710
8185
7142
5575
6255
6167
4486
5176
5863
9071
7129
3539
2221
3729
3150
6046
4007
8441
4517
6699
4116
8931
3260
3459
5998
416
3894
6167
2296
6608
5625
6719
4457
2256
8615
8312
5117
3077
8040
1601
8987
4865
9128
3599
2855
7876
3915
5774
2434
9623
6423
2504
5318
3783
2036
95
5394
9240
8991
9657
5771
156
5409
690
3922
7557
9340
3278
4615
1288
2980
9849
5792
5762
9340
7130
1920
1141
9967
8744
3910
4783
4167
2464
4999
6248
9511
5370
1999
508
1623
1847
9869
4131
5615
5905
3840
6877
5929
811
5388
1099
984
3029
7307
8865
4091
8548
6563
3580
5280
6878
3283
1119
7506
1848
3968
636
2565
6205
9962
5753
3539
9436
7135
5329
5895
8261
56
3151
936
8054
4628
3628
7104
6789
571
7884
9880
5387
8272
5508
6603
7588
5625
8555
6577
2173
438
6037
3608
2594
9584
4097
6001
3355
5003
6497
7019
2716
6895
7557
5469
4781
2274
2059
8987
5513
2657
8901
5941
3730
4004
7786
1148
8996
6809
156
348
5703
7751
6310
9013
8061
8210
1410
2706
9963
8883
7307
9965
7519
6611
1119
4765
1323
7242
9748
4545
9072
3848
59
7253
8061
4871
7848
391
3960
5895
9821
8987
9132
7689
2952
6870
2116
5636
2597
3994
496
5241
1202
8325
4918
5301
7582
5997
6455
1683
1742
4671
615
5342
4314
2959
8948
5188
4633
1747
6084
1589
2490
9605
6940
8130
1004
4857
5802
6771
3786
8145
2673
9957
1333
9488
2283
4964
4116
4003
2958
6822
9675
3921
1577
7715
7607
710
9413
1141
1166
3189
8008
4520
7255
2947
9880
8091
3805
2549
936
6715
1848
5627
1035
1614
1060
3417
6054
456
4531
2050
6147
906
4116
3991
2766
8145
1141
8970
1641
5126
6167
785
8195
6265
5064
7886
6675
6721
6445
5404
7182
6270
9620
5945
9165
1267
9234
8061
4449
8733
7504
5102
2499
4662
6890
9403
4595
2411
2401
2916
9879
4685
6087
2811
7963
6147
7503
4237
4282
4564
3622
7397
4461
4153
828
9340
156
5329
6497
4224
338
8252
3190
7063
2902
5918
5575
3775
9305
7490
8083
5388
477
4815
8750
4110
4832
9862
1030
5237
9628
5125
75
3099
205
2867
7418
9186
9040
8799
7600
465
94
2982
8429
4832
7370
3272
3110
6880
9150
3960
8563
2414
1734
5627
2957
5390
8115
6392
6931
8099
9905
9862
833
812
1747
3050
5731
6138
3019
6048
5779
3418
1119
8648
7626
105
8681
4602
7288
5479
2706
8563
6571
1061
1255
2827
1683
2707
6318
4547
4486
4917
5642
7558
158
8966
2330
9514
1334
6726
5517
3566
7216
1591
3815
688
9395
8810
8931
1659
8176
7410
4774
8313
4881
7737
5554
563
2630
4116
1396
5482
3426
8840
5260
2471
5387
5083
9213
4309
5985
3262
4625
2507
8328
6908
2625
8295
8838
4102
198
4073
7128
1032
4238
1961
2604
2706
1169
3563
9790
6665
9026
8892
7935
2298
2298
6398
7103
4937
7884
4878
9150
3447
6679
9878
6785
4928
1661
7383
5895
1666
75
9106
8297
9897
656
354
3621
6445
75
442
6463
6400
7146
2083
8390
9735
6037
3173
2549
1735
9157
5312
1795
5895
9340
7072
7503
9514
2059
2010
317
9957
5660
5554
1288
2820
8661
3381
4717
9013
9269
4929
1148
4755
8323
4116
9121
2149
8901
4068
3539
8970
6826
2687
5307
4755
8248
156
2172
4754
5992
1046
906
3442
75
4615
2873
9733
9059
3648
4844
4794
5346
7559
6490
5387
7963
8148
4116
5018
6362
2080
7634
9944
8707
1337
4402
6620
7948
3193
6577
4043
219
7809
1148
50
5884
2708
8905
1961
7659
6556
6322
7182
4110
3818
1504
3994
8878
6325
3113
4011
8530
3687
3539
2604
2182
4029
3238
2816
3022
1148
66
5427
9165
2471
5895
8810
328
1470
3806
391
1939
5301
9242
8465
1901
7153
738
3840
2054
161
5889
1517
2798
7741
1119
9783
4693
813
755
1939
7625
9963
3329
4716
6057
7940
8434
8382
2916
4056
1337
5863
553
1591
1153
4029
9165
3396
8428
2798
3383
5284
3812
8544
1060
6809
7389
2170
9912
4239
8253
9869
6647
8045
1747
7967
6797
8892
4591
6236
5146
1189
9594
3608
4755
5260
8145
2185
1364
2581
8586
654
5998
752
4237
4552
8654
7933
8608
1781
1803
2120
936
2384
2048
3765
2124
9859
7935
6721
552
1912
4639
2706
9619
5285
2874
3034
294
4075
6842
3991
7773
5629
3549
9086
2221
2354
7309
5000
6137
6610
385
3902
8451
5161
2498
9359
9511
5992
1141
2299
5679
2740
4524
265
5312
1914
3537
9687
9390
7607
3408
8383
7526
7281
1334
9398
3396
4760
9921
4597
4681
1148
1172
8441
209
1427
2172
7286
3056
8371
9340
5094
3038
906
9407
268
4110
1333
1388
6674
6344
4195
6982
5957
3204
6680
8227
7108
8966
1058
3216
4875
372
2388
2681
984
8504
3968
7897
8789
404
3840
6770
7607
78
6914
9026
8427
7389
7833
8145
8461
8479
6099
9828
9033
3716
5889
1240
9790
3476
3486
5465
1068
984
8784
4261
307
3840
2472
8331
9814
7366
3571
2152
4875
9696
2748
626
8570
7231
936
2549
8995
4243
7376
6363
3352
182
6567
8815
6890
6448
6762
2019
3181
5517
7504
1941
1255
1021
8933
6357
3840
6931
581
7322
9995
3840
5471
6603
5330
3652
226
1694
6816
3254
1628
6784
9897
7396
9538
4252
936
2300
1274
1525
5895
4871
2036
4972
6167
2695
4791
3371
3309
4243
7102
1954
3179
9644
6257
3746
5198
1939
8121
4103
9793
4520
5126
5542
907
6726
6370
134
4156
4693
8852
6675
2221
5329
8427
7829
817
6561
9584
9586
8320
5981
9234
4511
5390
2657
5983
3216
5957
3323
6785
1961
3215
9407
5815
5992
4621
6497
9242
4583
5992
7525
7124
5042
4607
6167
5744
2283
6303
3151
7557
2010
4621
4743
4009
1591
4648
6761
9596
4711
7719
243
4621
2873
6134
2298
2005
6936
2855
5260
2902
1212
2300
6304
9805
2625
5841
7098
5539
8563
2161
253
3607
1542
1323
3489
1632
449
6270
2667
468
7588
3620
9395
8465
5074
5265
156
3745
1919
9741
3763
4628
1848
1337
5126
7886
1446
2712
6729
8214
4752
6547
2588
8145
7557
1870
5166
5228
3746
5301
4097
7298
2844
2467
8451
3035
1109
1607
3020
1989
2192
8606
309
6877
9340
9340
9567
3508
1263
8785
3615
2916
4748
8729
3329
9085
5387
3202
772
2678
4991
5895
5755
8487
5355
9502
9013
2458
7913
9803
7904
4422
3800
7072
6270
8929
5271
3333
7849
2565
6531
8355
3539
5099
5260
4633
1911
1337
2588
4000
495
4335
1288
3386
3812
6931
1746
4766
5166
1637
7664
8252
339
8456
5420
5625
9809
9707
8523
2113
7183
6134
4648
6988
3486
7672
5011
4214
9952
8368
6989
3994
9916
1174
2253
2278
7753
3485
3878
4982
7301
3043
3881
5895
7963
5416
8911
28
4081
8227
8128
6265
82
9623
9076
348
8856
1657
9880
8312
9954
7763
6530
1636
9356
6553
1787
4116
3785
5633
3216
6993
3612
8295
9118
2360
9526
648
3329
9652
4415
8214
6369
1670
1950
9993
6321
1103
6396
3272
6026
3074
4099
996
2712
8892
853
9681
1694
6954
6226
8323
205
1753
8383
9084
4009
936
6298
7191
385
3329
5125
157
2160
6699
2376
2584
1248
8272
8288
4960
9080
5895
7579
379
530
984
1651
4238
7255
6721
7854
4041
6238
9935
880
6048
2272
3763
1899
5843
8779
8465
3948
2334
9080
147
4515
2664
3580
4003
6677
4486
936
7667
1053
9186
4590
5817
9733
8058
8218
6190
6847
4486
1141
9921
5248
9761
5765
3610
5023
1938
3299
1099
936
3065
6981
9642
7302
4691
6770
3485
5877
2604
5337
6470
8371
836
1224
3333
6192
5108
5677
2774
4751
456
2209
8591
4019
4755
2166
8682
7833
3840
936
7892
5153
5094
4093
4414
5132
9262
5271
3979
5895
8488
9503
3407
8994
9407
2549
4003
2685
7009
5126
9087
7389
5883
6824
8994
5387
1990
5993
1722
3840
4238
9081
3860
695
7884
7843
6348
7049
691
7898
9653
936
778
7063
9967
9404
1647
4728
5127
5593
3283
3972
1252
9879
5889
7920
6071
9184
3213
3557
6611
2360
2932
3400
3063
3763
1087
8555
9318
9259
936
9912
3977
6167
5863
595
8685
6303
7667
7884
1916
1901
3385
2250
100
5500
4803
678
6824
2278
2284
8252
3273
4056
7847
3840
8145
3426
6729
6177
5095
1393
4153
1953
9523
6265
3063
117
5188
2957
1101
385
9572
444
1077
1442
5373
63
4757
5496
2284
1018
6600
2843
2920
7298
2015
5895
7884
9159
7174
4607
6325
2264
4019
5389
8182
9340
637
4486
2414
1614
5387
8334
1030
5463
5575
6163
6401
8312
2706
7852
7253
6272
5176
7904
3843
5432
4574
3141
5301
7884
7072
2706
39
4598
8221
7634
1261
5291
5736
1689
8608
1474
1032
368
8892
719
9234
2354
3539
7072
7557
4146
254
2650
5404
7843
2604
6113
5765
197
8217
2842
4861
1614
8130
6272
8313
7037
5479
1008
8563
8147
4202
1989
9794
3381
7527
8312
3974
4511
8563
1337
7535
5863
6675
1979
8227
2657
2100
5625
9536
6243
3050
11
6957
4282
4871
1148
6620
4552
9105
3442
1919
399
6905
1901
7935
5127
5949
9967
6824
3658
9834
8664
1046
5127
6658
3345
499
8911
451
8323
5465
5175
4615
8135
4765
5389
4116
581
5500
722
166
6515
6715
3609
9962
5125
1446
3064
9262
4550
3741
3979
100
5951
9880
75
1742
4310
6699
4110
772
3563
1047
2283
4415
9447
5479
3003
6037
8465
8815
3459
4757
2532
5199
7335
1467
4043
9252
95
6957
9207
5000
1961
3658
1527
3537
9814
5754
3571
59
3840
6190
4528
2929
6242
1336
5286
4847
260
4980
9586
3218
5271
9124
4246
6943
3110
5575
2029
6167
936
768
4116
5998
5825
2920
8563
657
4153
4552
8145
6500
6232
749
1919
1617
5597
7217
6990
7547
5863
3593
2706
9949
1950
692
8810
7319
4884
422
6270
6891
1222
4082
9340
3183
523
385
4914
543
1148
6595
6797
8509
8993
4294
1142
947
72
6612
9185
2706
7331
5254
719
7656
5511
9511
2074
984
4685
1141
8319
936
1961
9029
4477
2080
1148
156
6675
4555
8421
6048
4323
1234
8542
1417
3396
7773
376
777
8145
965
4116
1762
3062
6715
2170
4325
4386
5805
4757
9827
3054
1201
7290
1234
5246
8484
6979
1859
9839
1790
3476
2719
6473
6071
7426
2991
6139
1148
1447
5412
9432
8130
8432
3121
3215
4386
474
4748
9458
5482
5572
4854
8227
5625
5175
5479
3811
8853
7223
7767
3459
936
2712
141
579
6453
7242
1746
7557
1782
2657
7253
3264
3968
7256
4755
5396
3768
1963
6366
1944
8853
5846
6167
5099
6113
8685
3074
936
4182
4191
4314
4428
1141
5533
5877
5146
3062
2334
2766
9875
9033
9319
4094
4885
5990
4091
6392
6455
1364
3658
8290
3526
4964
4757
5774
6420
9340
1632
6610
693
8636
6813
3125
1153
4023
6368
3045
1790
6451
7539
3639
4703
4964
9038
9612
3060
743
8991
6511
3991
7426
860
4308
6914
984
3759
1332
8662
4114
6712
7578
467
3730
7072
5132
9907
1662
6037
4048
6196
7858
3003
6702
1961
1858
4244
4118
6407
6721
2798
5702
5490
9630
8994
5126
1336
5918
8408
7069
1790
3980
8555
7504
5108
2186
2902
481
4238
9993
9833
8013
3580
7914
1440
9656
7618
1740
1393
1439
1999
6761
4147
4131
7523
4027
274
1099
6537
6071
2923
5270
4473
936
9820
1148
4905
243
2625
1915
4633
5342
1051
5458
389
828
734
9514
8235
4685
961
7607
6227
8429
2345
8931
6705
4615
7302
7849
2221
4290
6940
6167
8544
6463
3906
3763
6050
7414
936
8570
249
6468
731
822
4714
9049
9806
7374
7976
9417
3227
8128
9965
2933
4201
5013
7879
6113
5388
8586
1577
2760
5125
1364
2283
3881
9867
4980
6767
7976
5591
2384
3921
718
5615
2667
2243
6816
1901
9061
8020
934
4116
3420
75
4618
6675
2982
3905
9279
4415
2941
2059
5248
8022
5231
6353
75
1961
7462
9626
5301
5126
1063
5880
2576
4615
7923
640
1336
3264
1008
6576
3203
2133
7754
393
4073
465
191
3980
7886
7841
4597
5426
3176
5709
2016
2173
9628
4294
260
4673
9289
2993
2021
5627
2835
6931
3411
5732
8795
6911
8570
3806
4982
4871
1803
7753
9405
8748
1337
9058
9804
7242
376
2253
2059
6873
3261
9879
5889
348
7849
1790
2871
8810
6873
5481
3990
5108
8312
6707
404
9093
4768
5936
3739
5271
1711
6678
3813
872
5495
156
6571
9417
1778
4716
2221
5520
3081
182
875
920
640
6782
4582
5254
3252
1212
8098
7087
9436
4116
9087
8555
7336
2357
554
5006
898
8227
936
6320
9563
3441
8122
772
9404
1821
4031
9511
9866
4445
9201
4615
7396
8185
6715
9128
672
4590
1916
3611
906
1993
1950
5260
4757
3442
765
376
3710
5055
4246
4980
4755
7907
5625
6255
2604
6392
8602
4621
8021
3510
4238
875
2713
9219
5815
5479
936
7072
4012
936
5951
7204
2414
4116
6255
8966
749
403
4104
2059
8813
4598
5237
7803
4451
614
9514
7735
5383
8555
3656
1770
8137
3169
7548
1591
1488
4290
3539
6066
6712
3313
4920
7418
4982
4185
7256
9053
7833
161
8052
7773
8648
5978
2472
3441
8071
1591
8949
6675
7043
6608
6556
9219
1197
9080
9440
3716
2673
4807
1148
5851
9056
4685
8284
4854
5095
6556
9781
4116
5864
4964
4414
2758
6674
7986
6675
5161
6824
8786
3165
9340
75
2581
4110
5286
2657
1337
9319
9049
7904
1231
8145
391
8323
385
5479
9619
9186
4639
5709
2657
4552
4116
8616
3277
465
5896
2997
2825
2133
4104
7307
4755
1901
1926
7779
3144
5629
8779
8591
5492
9546
3840
5010
7151
7408
4116
4391
9790
2124
5220
391
1961
3999
1235
4117
8323
5391
4153
4720
6611
339
4762
6265
3593
6989
9642
9729
2161
5271
7786
1828
3279
1174
2897
1961
5011
1136
5312
3972
420
785
2625
9655
4783
6107
8576
7888
691
1703
3272
5684
1300
5386
6439
4029
6607
984
4581
2581
5053
6785
9921
4202
328
5401
2957
5297
5336
5610
875
7111
2587
11
6571
8699
9593
7480
2798
9340
6422
3381
3486
7813
496
8761
7976
7138
3486
5993
664
3056
4214
2625
44
847
9852
7848
5254
4550
9741
8145
1274
2485
2896
2490
7856
6377
593
5525
6396
7612
1848
9830
2357
7520
4255
936
515
342
1919
710
3539
3683
2434
1635
2604
4753
2357
631
2604
8948
1727
936
5908
7786
4011
4287
117
6097
2190
6726
7690
9539
2999
2436
2960
6599
6123
1919
8145
2425
4590
2956
3968
3539
9006
7111
246
7557
8789
4323
1178
8048
9963
9514
2207
5710
6102
4116
9596
5040
7884
5219
303
6914
691
1868
5889
5126
6422
8949
2708
6062
9128
2706
8534
7273
7469
8023
2235
8032
2175
1084
8018
2916
5771
3441
5444
2673
7886
7886
4787
1915
8605
812
8937
638
2817
8543
330
2594
7102
5057
2706
156
1919
5126
8371
5310
1148
9750
4854
6279
7539
9502
8121
5682
6392
5430
4757
5625
6547
2912
4494
4685
4068
3644
5388
9145
9627
251
1919
3825
639
9552
3840
4910
2162
5188
4369
8320
7368
6783
4914
4164
6051
3075
1170
9244
8690
2036
9955
7102
8544
9186
8319
4116
1417
2623
8590
813
325
8937
9867
9511
8288
8018
5054
5685
7719
9800
4116
5768
3840
4116
1480
8913
8199
9080
584
2116
4964
5228
8811
2706
2472
2188
3536
4800
4068
1891
1591
1099
8037
3022
2558
936
2800
4116
1919
7886
9555
1470
6846
8450
593
778
5624
1623
2188
7132
8523
6182
4755
9087
451
5000
3075
5285
5428
6545
1219
7504
7143
9742
4287
819
7798
1141
3902
8616
2604
5625
2637
1103
1373
9576
3818
209
8970
5240
1303
761
9080
9750
2401
8570
1413
358
3974
3173
5627
5085
9334
1002
5256
3272
1099
3355
5260
7466
6885
5471
6349
4338
2702
6479
3209
8227
934
7913
1790
2428
3094
9256
3215
2639
5465
404
5042
2902
7671
6288
9006
541
1704
9763
9238
4156
2172
8272
3951
772
114
442
2218
6119
756
205
7787
5517
7867
7072
7281
9546
8723
936
3840
674
4243
1313
7134
5762
5554
6893
6605
7874
1443
3384
8052
7039
4700
7243
3230
5843
8201
3840
1614
4477
8145
7849
4856
7281
3722
6134
7132
9960
5098
1174
468
166
3022
2740
8422
3054
2813
5918
7813
4486
3563
7463
8061
5271
1750
2844
6252
4755
6139
2712
9836
5011
5681
1400
1961
2740
693
9596
6167
4287
8488
8261
7884
7223
1862
7860
8772
9741
4285
1032
4727
7798
9503
5709
4520
5388
5992
8157
4116
3280
8013
7539
3840
6170
6556
5857
8383
9346
7893
3593
8288
2237
1201
9340
3813
8810
8052
7854
9511
923
1492
2913
6988
6515
2786
640
936
3060
2270
3524
156
4755
7612
4000
317
50
7558
7884
7465
5673
9527
7884
9161
9584
4388
3763
3919
8711
2916
6361
4116
5079
2828
6693
9952
7077
8488
4091
5390
6553
4125
6637
6520
1634
8793
1727
1021
6265
1477
956
8563
4116
1991
465
7633
9850
3840
6908
6204
6699
5120
3349
6649
4511
5271
8283
8507
936
5629
7298
9879
6167
2059
2036
4519
3624
1153
8987
4658
1336
8399
9561
2198
6098
3571
4285
3381
8227
226
668
3730
6388
5089
451
9928
4625
9502
1141
6652
1011
7913
6347
704
1148
7958
2019
6893
7906
5732
4019
459
7469
5815
3639
176
1459
6571
1689
1023
9340
260
6037
1961
1119
1919
8570
3666
6715
6405
9880
9095
2958
6455
5288
5467
1189
9593
5010
3582
5271
3658
4871
8838
1148
5703
6414
474
5126
8541
5254
4308
8668
4278
6139
3560
784
4153
2625
3969
9962
1393
3031
7849
4803
5270
9183
1141
9879
385
8313
4918
7739
2357
3459
3538
3763
8964
3974
7849
9546
974
47
5718
115
7829
3098
3182
6101
3289
7557
1502
3116
9446
89
2825
3818
4285
161
2323
255
385
3340
8460
9645
385
1919
8685
7190
7809
6388
7289
8313
5206
4081
2687
5495
2345
7215
3614
6177
3297
4757
3615
8994
3881
7798
7384
5356
380
7199
5206
7779
936
4814
2871
8475
265
6492
3272
2716
6547
9244
9624
6414
6924
9303
7886
5650
639
128
4254
1666
9186
9912
3089
5895
9366
3215
360
4156
5126
9921
3766
8479
2681
5188
7323
4239
1634
5274
2494
3244
8145
2113
4691
5067
2146
3215
7302
6721
9967
6321
6468
8507
5409
6423
4598
1793
2740
3580
6265
9281
4525
156
465
1452
5859
7217
8145
4323
3346
913
943
151
4661
3110
6071
8371
2750
7138
3110
7734
8302
2440
8145
9371
751
9967
9340
6220
9733
7904
936
4388
778
4116
3124
4388
6721
3811
3312
9372
456
8707
6957
1142
1919
6507
7886
7268
9486
3364
9114
2716
8145
1661
2005
3087
8073
6564
2036
9071
5877
392
1174
4486
3849
5126
8662
9921
8145
1770
3991
8155
7829
8487
1711
85
5121
8086
9381
300
5914
4552
9482
9407
4613
4418
2813
2300
7803
4711
9514
9880
1109
8141
5496
8038
9407
