533
660
658
411
259
78
463
259
267
13
463
815
408
923
78
933
599
780
514
941
815
457
923
457
836
552
273
674
454
393
273
111
327
705
608
236
539
590
771
447
539
348
166
871
221
815
393
891
221
698
646
447
393
256
859
859
654
273
815
815
533
221
394
270
273
859
539
756
463
927
348
859
273
859
463
254
951
348
815
707
923
259
599
348
550
167
393
658
809
111
859
348
859
249
221
933
815
340
599
698
75
815
457
32
387
871
815
815
756
364
457
150
273
815
83
708
380
393
815
78
380
254
4
463
221
105
463
249
708
221
457
599
259
939
394
457
859
323
270
457
457
867
364
815
447
273
447
859
756
16
927
815
16
599
273
221
756
457
394
756
557
393
16
454
514
457
815
56
815
539
457
859
815
463
393
796
394
628
236
131
348
859
539
809
381
815
393
393
184
766
273
539
815
608
815
988
815
447
944
111
815
815
859
815
393
539
936
962
815
221
221
270
394
131
84
167
259
859
418
815
871
471
316
153
338
393
927
573
327
348
599
245
859
393
815
859
747
859
262
599
457
815
4
463
273
13
259
457
262
539
249
815
608
457
492
771
815
167
608
463
273
698
61
348
463
270
859
348
259
771
923
457
859
937
766
782
259
463
270
698
78
270
727
463
270
698
804
539
859
273
221
936
111
394
408
859
939
988
463
167
273
938
815
273
167
393
71
348
167
13
167
463
111
871
815
447
707
815
91
460
463
319
859
221
859
871
393
111
457
259
436
463
859
599
539
463
539
221
16
333
599
327
454
756
348
723
859
394
111
78
273
256
815
273
237
780
118
1
815
408
859
270
599
16
221
539
131
815
393
245
599
333
333
457
559
273
200
167
698
815
815
249
962
401
730
365
348
327
463
815
167
236
815
457
393
756
348
539
595
13
56
48
512
859
539
463
859
78
463
4
393
471
270
457
267
394
348
259
273
859
9
273
815
77
78
457
447
608
273
815
394
943
273
78
514
815
447
348
539
463
771
78
815
514
261
815
539
225
933
393
859
962
4
408
9
536
705
460
221
966
815
273
684
457
859
270
78
766
167
463
654
672
756
933
348
270
348
0
730
16
16
394
457
512
859
184
439
771
91
408
832
457
514
654
126
698
262
539
221
270
348
970
708
16
273
393
815
463
756
703
460
539
394
815
463
595
815
348
599
448
730
457
539
259
608
259
539
270
394
859
91
447
815
859
394
859
463
859
952
596
273
394
394
730
221
221
684
327
254
463
457
0
514
771
698
270
756
111
111
657
78
353
658
327
771
608
539
646
747
463
236
646
273
859
927
859
56
167
859
91
815
221
56
756
393
209
871
221
793
457
105
463
200
552
927
389
463
238
756
236
333
996
815
78
815
333
463
859
273
636
270
408
608
815
13
859
393
273
393
707
236
394
78
859
348
608
273
270
550
636
262
221
355
348
756
394
259
756
705
936
905
105
270
447
933
815
457
78
78
333
614
514
408
756
394
463
348
327
111
184
859
273
836
815
815
859
608
815
333
859
539
460
463
815
221
457
539
167
393
463
933
756
539
4
447
791
539
91
91
78
454
167
859
327
4
698
859
16
674
999
394
636
756
252
259
599
348
447
576
815
270
273
78
348
167
539
393
221
4
333
859
559
463
111
325
539
348
393
270
859
236
270
259
815
259
348
454
259
756
463
539
698
938
514
447
457
595
433
463
815
236
599
91
91
815
608
815
463
457
859
221
859
327
463
698
815
236
599
815
273
338
815
166
539
599
83
259
723
815
348
698
273
815
815
273
78
270
364
595
4
978
996
539
397
815
0
756
457
245
327
539
327
436
111
599
221
539
393
756
859
16
78
612
815
539
463
859
539
938
599
259
273
273
539
463
660
533
815
815
859
273
698
539
460
698
394
815
454
514
698
756
514
150
566
408
815
463
393
221
348
105
756
815
184
463
536
16
684
463
463
348
539
131
867
859
338
962
111
221
394
447
394
457
221
756
599
463
48
457
859
273
962
859
393
815
859
657
988
191
259
815
539
766
859
747
78
102
463
393
539
780
674
454
394
492
463
423
815
468
539
408
859
859
988
79
815
232
536
698
16
677
348
927
285
859
703
463
259
815
815
756
698
219
891
423
167
539
393
756
937
933
539
408
393
933
245
237
408
259
923
815
259
698
273
815
457
859
859
514
323
221
270
338
815
16
552
599
539
273
655
815
221
859
364
394
348
698
394
338
595
815
815
264
599
937
463
514
457
485
348
815
539
270
539
815
460
128
408
259
333
