164
176
431
291
258
227
361
164
7
164
492
136
147
210
361
323
225
82
388
388
327
58
210
32
82
474
144
361
173
136
389
291
286
132
36
177
304
210
232
232
107
413
291
344
232
164
164
177
388
150
217
106
388
231
489
323
50
134
192
368
297
350
388
388
58
412
164
388
210
323
210
0
163
152
152
111
0
413
492
169
32
210
361
349
58
291
363
463
232
307
168
11
7
177
327
7
164
7
286
11
11
163
436
387
388
333
152
327
161
161
7
186
3
236
30
232
30
58
7
236
0
32
7
7
388
227
294
0
210
492
189
136
463
152
192
7
463
339
106
363
347
0
136
271
418
361
169
236
106
51
164
177
499
82
161
388
0
32
297
286
269
163
387
50
327
297
210
492
388
363
231
107
361
436
7
297
492
171
300
387
363
489
436
492
323
210
68
388
389
388
274
48
111
463
32
68
363
58
82
463
30
161
82
388
350
152
136
232
7
499
215
139
184
270
134
210
210
38
327
82
48
169
7
413
58
0
169
7
210
150
145
231
171
260
388
413
134
177
134
177
489
210
111
210
388
7
347
131
82
388
492
388
30
231
68
7
161
111
363
134
236
6
252
177
139
388
468
58
387
7
363
359
388
6
232
111
175
361
232
363
82
176
7
32
210
176
11
11
82
413
232
11
136
339
6
304
388
363
271
412
82
280
152
388
297
136
176
161
291
177
177
134
106
388
388
388
412
7
171
387
262
7
492
297
326
436
182
346
297
388
286
82
388
7
0
361
7
161
350
82
7
413
463
489
111
7
387
436
252
363
161
307
363
134
271
58
161
163
413
50
111
7
359
291
210
297
492
388
50
106
82
233
186
210
271
11
388
210
271
388
210
492
106
32
177
210
387
176
363
436
82
359
106
499
210
164
386
189
382
36
171
327
291
327
271
363
210
82
413
171
7
361
7
171
382
152
361
307
7
82
436
307
161
232
7
82
163
394
232
136
106
210
17
106
169
492
492
7
499
7
359
412
210
307
232
210
436
30
231
388
232
7
297
21
50
164
327
231
363
286
361
297
361
177
297
177
161
7
232
388
210
454
11
413
388
7
489
58
164
7
32
136
492
388
388
388
297
177
177
134
436
361
380
412
210
177
210
210
388
492
