321
276
6
902
1449
276
644
283
285
189
1449
880
289
963
299
485
313
50
340
463
990
192
302
45
1449
1449
192
313
313
1449
285
160
212
1449
512
751
432
958
237
12
127
250
8
83
327
169
753
9
135
344
219
205
1449
313
640
51
313
313
276
289
315
302
169
12
205
724
98
1449
511
276
12
315
255
192
318
214
654
12
423
481
1449
345
1012
144
1449
408
1449
69
271
286
582
190
1449
319
276
429
302
289
340
189
529
215
709
246
511
276
486
428
896
333
924
482
736
121
346
640
192
530
1449
516
301
408
631
481
160
228
292
405
354
9
432
315
1449
1449
173
1449
1449
307
173
315
483
326
212
520
132
24
525
1449
530
792
219
694
919
1101
180
483
654
474
898
313
198
319
1449
315
316
285
230
55
530
1449
520
1449
89
512
516
318
238
137
924
840
1512
313
736
610
59
134
450
205
582
12
530
357
124
676
346
318
275
423
190
522
516
520
270
919
344
515
100
371
496
134
1449
588
313
1449
1449
327
272
324
489
175
313
198
203
520
143
1449
315
275
255
432
313
628
432
514
514
340
582
124
272
1129
25
357
1449
315
262
326
249
705
56
1449
286
187
1449
378
732
401
325
19
530
187
42
603
304
474
50
333
50
1449
515
652
516
1142
640
42
1449
198
1449
56
958
326
1160
1019
276
519
514
201
516
613
126
295
690
205
1449
205
899
301
582
813
736
1009
1449
302
582
205
520
410
12
919
53
153
516
347
86
315
531
124
898
272
316
1449
1019
582
100
205
515
19
326
705
346
724
347
1005
1449
1166
661
133
250
136
60
652
924
286
447
268
344
1449
751
126
1449
286
481
51
127
100
488
1449
12
316
10
1449
1449
127
286
781
515
286
315
91
269
1449
382
1194
1160
271
520
50
1449
169
1449
132
690
1142
705
59
1449
230
286
1142
919
432
423
116
100
309
127
153
1449
517
313
269
1449
221
313
313
208
255
315
12
42
57
484
169
258
478
1449
64
429
705
763
19
1449
762
1449
511
307
640
604
904
531
246
205
318
357
169
28
198
268
347
200
275
59
613
640
318
238
347
584
302
654
652
898
11
258
150
291
169
652
1449
524
924
652
209
690
45
56
89
307
270
151
1449
272
538
114
272
512
12
50
1449
485
519
509
509
519
740
166
661
132
269
1063
117
250
530
632
157
520
327
248
327
640
315
248
1449
53
228
464
51
492
190
493
91
174
127
1449
1449
286
223
1449
689
748
511
511
327
661
143
631
313
347
276
228
1449
1449
408
144
6
249
255
945
223
603
51
89
515
1039
1449
408
430
101
238
195
12
327
327
269
192
144
1449
346
410
1449
51
23
414
525
251
48
257
507
753
343
127
269
57
272
56
898
497
51
958
520
588
640
114
276
1449
327
6
748
324
214
866
269
340
205
304
1449
137
316
101
531
900
212
919
1449
223
313
316
286
408
451
192
286
515
520
1449
299
134
530
325
1012
230
880
652
357
496
1449
189
269
198
327
963
748
1449
429
313
48
286
315
22
1019
736
1449
56
354
182
1449
127
1449
1449
209
515
302
921
1449
751
230
217
514
10
357
9
169
520
519
663
530
516
464
286
91
432
313
289
286
211
272
432
432
313
346
431
958
498
432
251
230
166
652
1449
1449
327
286
151
12
301
1449
160
192
652
340
212
172
1449
121
174
1012
220
919
475
205
321
514
898
148
496
298
526
269
19
258
316
1449
126
1449
173
215
1449
315
342
1449
628
313
451
1449
59
736
205
269
209
880
48
1449
200
269
1449
100
697
313
340
12
1019
313
126
432
196
258
313
515
1449
205
313
9
385
276
325
241
212
100
1449
423
604
1449
10
1449
647
268
1449
208
845
327
309
751
641
1136
1449
1012
313
478
315
346
302
12
136
530
958
408
611
347
288
538
238
1449
64
270
100
313
276
9
51
1449
114
1449
313
12
174
1449
750
520
1019
50
114
272
283
276
272
271
169
316
1449
584
50
51
1176
318
922
200
582
408
531
201
56
320
143
182
302
25
326
160
347
313
1449
143
357
530
283
1065
1449
484
50
1449
516
511
676
302
12
313
428
514
238
511
56
269
144
148
1063
1449
276
1449
198
724
1449
430
313
480
32
124
313
750
33
1449
198
124
1449
1449
751
127
1449
205
283
42
272
511
220
525
663
1160
1449
464
1449
9
1449
144
315
286
153
200
19
272
213
898
269
520
326
302
1449
435
313
475
343
1449
203
221
86
408
272
307
241
91
419
205
316
1
1449
283
