44
9353
6937
9353
6937
821
6876
9353
1072
6876
2861
4865
9624
9353
7193
1794
9353
2080
9353
9353
9166
9353
6937
6937
4865
9353
6876
9353
4865
4865
4865
9353
5522
9353
9353
266
2623
7737
9353
4865
9353
9353
9353
6937
9166
8716
4336
6830
9353
4865
9353
9353
9353
9353
9353
9353
9353
5930
9166
6876
5070
9353
9226
9353
9658
9353
6876
9353
9166
111
2667
9166
111
9353
9336
9353
9353
9353
4865
6087
6876
6876
4865
9353
5064
9353
1794
9166
6937
3202
9353
6886
9353
9353
9353
4865
6937
6937
9353
6937
6876
9353
111
4139
6937
6496
9353
9353
6937
6876
6876
111
9353
8716
9353
9353
9353
9353
9353
9353
9353
6937
9353
9353
9353
6876
9353
9353
9353
9353
6876
6876
9353
9353
9353
9353
4865
9353
9353
9353
2125
6876
9353
1072
9353
111
9353
9353
6998
4865
8853
9353
9353
4865
9353
9353
9353
4336
9353
821
9353
6937
5930
8278
7118
8016
9353
6876
2964
9353
9353
9353
9456
3120
6937
9353
9353
2861
9353
9353
2677
8189
9353
9353
821
6937
7448
4103
9353
9353
9353
9353
111
1522
9353
9353
9353
9353
9353
6937

