67936
71344
2216
63321
71926
54686
70099
72160
76044
75887
30679
57027
2882
9229
8374
60215
65206
71344
70760
11830
15295
20556
9697
64961
2216
20663
9198
9229
50415
31018
10507
2748
53368
8010
6139
78854
42831
50415
67239
72414
70760
42565
36936
78139
53368
7763
62065
13185
41668
9229
50415
70734
23784
50415
27541
53368
16908
62781
7763
29349
17257
5631
45127
36302
50415
70760
31018
39827
71344
23784
60069
69279
74718
60215
58104
32134
31018
9229
22630
9229
27733
67936
68837
9229
45127
31018
33356
46648
67936
65887
50415
2748
40467
20806
17230
67239
39827
62065
30506
22393
31018
5577
50415
38795
40652
7433
29021
39827
534
45127
33494
6139
22630
36656
9197
74718
37807
21137
7042
8374
47379
71344
36656
71260
50415
70621
17230
67239
26462
60215
9697
2216
41980
23315
34603
31018
9111
6498
41668
10133
20556
34925
19951
21951
67936
56941
41668
50415
78139
15436
69445
17253
72064
34925
50583
37113
8811
46648
23315
55384
31262
67936
34246
79931
6889
67936
41910
65206
32059
52260
50415
39251
29635
45127
34833
45127
77214
71926
69970
49219
9229
34925
33356
9229
44386
29349
11019
21158
41454
64214
39827
8811
23622
9197
50415
42598
31018
2216
9229
30621
71344
50415
50415
72064
7582
31018
31018
11744
9229
2748
17253
34925
53513
30762
55611
1438
50415
53513
44594
7433
62065
40467
64881
60069
21158
20556
58166
41784
34603
67936
39251
50415
15631
5631
65206
35461
46520
65206
54895
59813
61946
34980
65206
16693
74718
6654
65206
68903
54201
11836
59437
50415
20556
24246
29909
41910
65206
65887
61946
41454
8374
31018
65206
17473
7433
32134
11836
40297
34603
31018
67612
20556
70760
5631
46648
21154
62065
20625
71344
1438
33551
26866
47379
51969
50415
67936
54686
76044
26462
34161
67936
18521
40467
37960
17473
2216
53368
38241
14616
25252
49406
29338
39251
9229
9229
40467
52260
11830
53368
65206
23419
5631
7582
72998
9198
45127
3280
564
51969
37237
11835
1438
6498
50415
35613
63274
33356
43163
50415
37807
2216
67936
76044
67239
9111
19566
29909
45697
32134
13826
33356
60215
42598
31262
67239
62065
67239
67936
60215
34980
60069
22630
15657
67936
7187
9697
50415
22678
31018
20732
67936
32134
53513
39251
3280
60069
42565
16693
12525
64294
55053
65206
34765
79931
54895
45127
40467
41910
76011
33356
17114
65206
6889
1438
21202
17257
60215
41997
79341
8374
16693
56685
67239
72064
13185
58310
32920
52260
37237
2216
534
17455
67239
7042
41644
9697
9197
8374
27733
50583
50415
65206
36673
8374
9229
50415
67936
22678
79336
34925
64294
67239
50415
67936
7568
49406
29909
50415
54895
52260
9697
35613
79931
8374
67936
53368
31018
29021
26241
31018
38795
26241
9697
56587
49902
70723
23595
16693
6889
31018
31018
61287
50415
25777
62065
32134
5577
65206
54201
35916
34603
23784
53368
53513
26256
39251
44386
19951
50415
34603
55384
66505
11830
37587
54686
534
38795
36302
35461
11836
33356
46520
5577
67936
41454
3456
24199
30679
42565
27541
33494
13185
30679
70760
29238
21843
70760
20556
68903
5631
34603
972
33362
27733
56587
50415
54201
39251
54201
50415
41784
9697
17918
65206
5631
47379
45127
961
2216
34212
54686
37237
4371
49902
20556
76044
17114
2216
79931
9229
6498
72801
65206
67936
74737
57214
68336
39695
67170
72160
74718
53247
27239
47379
20173
68903
29349
27541
33551
20806
62065
52260
36656
30987
65887
50415
23530
60215
40467
27541
20746
54694
32134
71344
34603
27541
54686
63577
67544
39827
39827
70734
75088
79931
67936
58149
67936
41910
972
49044
41910
44386
21154
50415
39817
72064
9229
29338
50583
8131
50415
33356
58149
39827
32134
5631
66277
40194
70723
74832
49406
71711
33494
33356
71073
70760
60215
67936
73866
9229
37807
74832
972
13185
45127
29635
37500
70760
9197
71344
72064
17473
33551
22497
34925
31368
6889
2375
66505
67936
40467
71344
21202
66123
23315
71344
26359
67239
13185
10373
45127
23622
71344
70030
30621
79444
7433
32119
52188
70760
71073
66277
17473
66186
6889
64294
2216
79208
68336
8224
5886
22678
67936
9697
57799
46251
65206
69445
13185
22630
50415
2375
9697
1245
64040
972
65206
44386
39251
37237
60151
37237
50415
2216
76044
5631
37237
37113
79513
972
8503
9229
8131
31018
9198
2216
67936
59437
67936
23595
67936
33356
28984
9229
53368
24085
37426
9229
20556
66123
9657
10507
9697
15715
33356
66970
62065
34603
36666
9229
67936
50415
79444
37237
18680
54201
41454
52429
2825
3280
23419
20625
20556
31018
37237
49255
71926
44386
23315
53368
75314
20746
71344
40652
31018
21137
32134
48213
31018
9229
53513
36666
70760
45127
9229
50883
71344
56522
9229
67239
30621
67612
9197
2216
2216
40467
22340
2216
78720
70760
59470
37500
67936
53513
13185
16693
47230
67239
32203
35613
22584
6889
40297
44386
41668
5577
34195
22678
17473
45127
73638
34603
67544
31018
39251
7042
68085
36656
60215
33494
18028
65723
41668
79931
50415
41980
17257
22630
53312
31018
22678
7582
112
33356
54895
39251
41825
17473
40652
47900
67936
76011
26724
31018
17473
37237
72410
20556
6498
24199
5631
34603
67936
57027
60069
54694
71344
67936
70026
50415
5540
41454
39827
67936
27733
74718
53368
57214
2684
64891
4464
972
50583
26561
36656
71073
67612
38304
2748
67936
7433
9229
64294
67936
14851
76695
69285
34603
67239
58023
41454
64214
31018
9197
44386
65206
70675
24246
29238
52260
38304
54201
20625
41454
50415
67239
46648
77214
67612
22678
2216
27541
40467
13185
67936
17257
70454
24199
31018
10144
56281
36656
50415
21158
70723
67936
41454
22678
63230
66505
67936
79444
24291
7042
50415
46830
49044
41454
26256
27733
53513
23530
37237
41454
5631
76044
13185
58149
9198
50415
50415
40652
34925
53368
16693
24246
2216
44386
30621
20278
77214
34603
50415
79931
32657
12690
53513
66123
7433
39251
57710
42565
34603
42565
67936
18028
49902
56685
78783
50415
78235
67936
65206
50415
70760
17473
52260
52260
33494
44386
47230
20556
34925
24246
56281
64294
34925
67936
79341
67239
60069
972
44386
59437
2216
41327
7763
67612
60069
65206
36666
33356
77214
19951
13185
42831
71926
67239
31018
66123
